{"/home/runner/work/unibud/unibud/src/education/module.ts": {"path":"/home/runner/work/unibud/unibud/src/education/module.ts","statementMap":{"0":{"start":{"line":49,"column":18},"end":{"line":49,"column":null}},"1":{"start":{"line":50,"column":21},"end":{"line":50,"column":null}},"2":{"start":{"line":53,"column":22},"end":{"line":53,"column":null}},"3":{"start":{"line":54,"column":21},"end":{"line":54,"column":null}},"4":{"start":{"line":55,"column":22},"end":{"line":55,"column":null}},"5":{"start":{"line":56,"column":23},"end":{"line":56,"column":null}},"6":{"start":{"line":57,"column":25},"end":{"line":57,"column":null}},"7":{"start":{"line":58,"column":25},"end":{"line":58,"column":null}},"8":{"start":{"line":59,"column":25},"end":{"line":59,"column":null}},"9":{"start":{"line":62,"column":26},"end":{"line":62,"column":null}},"10":{"start":{"line":63,"column":23},"end":{"line":63,"column":null}},"11":{"start":{"line":64,"column":25},"end":{"line":64,"column":null}},"12":{"start":{"line":65,"column":21},"end":{"line":65,"column":null}},"13":{"start":{"line":66,"column":32},"end":{"line":66,"column":null}},"14":{"start":{"line":69,"column":27},"end":{"line":69,"column":null}},"15":{"start":{"line":70,"column":25},"end":{"line":70,"column":null}},"16":{"start":{"line":75,"column":4},"end":{"line":75,"column":null}},"17":{"start":{"line":76,"column":4},"end":{"line":76,"column":null}},"18":{"start":{"line":77,"column":4},"end":{"line":77,"column":null}},"19":{"start":{"line":78,"column":4},"end":{"line":78,"column":null}},"20":{"start":{"line":82,"column":4},"end":{"line":82,"column":null}},"21":{"start":{"line":83,"column":4},"end":{"line":83,"column":null}},"22":{"start":{"line":87,"column":31},"end":{"line":121,"column":null}},"23":{"start":{"line":123,"column":4},"end":{"line":129,"column":null}},"24":{"start":{"line":124,"column":6},"end":{"line":128,"column":null}},"25":{"start":{"line":125,"column":8},"end":{"line":125,"column":null}}},"fnMap":{"0":{"name":"initialize","decl":{"start":{"line":74,"column":8},"end":{"line":74,"column":19}},"loc":{"start":{"line":74,"column":51},"end":{"line":79,"column":null}},"line":74},"1":{"name":"shutdown","decl":{"start":{"line":81,"column":8},"end":{"line":81,"column":34}},"loc":{"start":{"line":81,"column":34},"end":{"line":84,"column":null}},"line":81},"2":{"name":"registerDefaultPermissions","decl":{"start":{"line":86,"column":10},"end":{"line":86,"column":45}},"loc":{"start":{"line":86,"column":45},"end":{"line":130,"column":null}},"line":86}},"branchMap":{},"s":{"0":8,"1":8,"2":8,"3":8,"4":8,"5":8,"6":8,"7":8,"8":8,"9":8,"10":8,"11":8,"12":8,"13":8,"14":8,"15":8,"16":8,"17":8,"18":8,"19":8,"20":1,"21":1,"22":8,"23":8,"24":240,"25":240},"f":{"0":8,"1":1,"2":8},"b":{},"meta":{"lastBranch":0,"lastFunction":3,"lastStatement":26,"seen":{"s:49:18:49:Infinity":0,"s:50:21:50:Infinity":1,"s:53:22:53:Infinity":2,"s:54:21:54:Infinity":3,"s:55:22:55:Infinity":4,"s:56:23:56:Infinity":5,"s:57:25:57:Infinity":6,"s:58:25:58:Infinity":7,"s:59:25:59:Infinity":8,"s:62:26:62:Infinity":9,"s:63:23:63:Infinity":10,"s:64:25:64:Infinity":11,"s:65:21:65:Infinity":12,"s:66:32:66:Infinity":13,"s:69:27:69:Infinity":14,"s:70:25:70:Infinity":15,"f:74:8:74:19":0,"s:75:4:75:Infinity":16,"s:76:4:76:Infinity":17,"s:77:4:77:Infinity":18,"s:78:4:78:Infinity":19,"f:81:8:81:34":1,"s:82:4:82:Infinity":20,"s:83:4:83:Infinity":21,"f:86:10:86:45":2,"s:87:31:121:Infinity":22,"s:123:4:129:Infinity":23,"s:124:6:128:Infinity":24,"s:125:8:125:Infinity":25},"fnNames":{}}}
,"/home/runner/work/unibud/unibud/src/education/utils.ts": {"path":"/home/runner/work/unibud/unibud/src/education/utils.ts","statementMap":{"0":{"start":{"line":2,"column":14},"end":{"line":2,"column":null}},"1":{"start":{"line":4,"column":2},"end":{"line":4,"column":null}},"2":{"start":{"line":5,"column":2},"end":{"line":5,"column":null}},"3":{"start":{"line":9,"column":2},"end":{"line":9,"column":null}}},"fnMap":{"0":{"name":"generateId","decl":{"start":{"line":3,"column":16},"end":{"line":3,"column":27}},"loc":{"start":{"line":3,"column":51},"end":{"line":6,"column":null}},"line":3},"1":{"name":"generateToken","decl":{"start":{"line":8,"column":16},"end":{"line":8,"column":40}},"loc":{"start":{"line":8,"column":40},"end":{"line":10,"column":null}},"line":8}},"branchMap":{},"s":{"0":10,"1":383,"2":383,"3":10},"f":{"0":383,"1":10},"b":{},"meta":{"lastBranch":0,"lastFunction":2,"lastStatement":4,"seen":{"s:2:14:2:Infinity":0,"f:3:16:3:27":0,"s:4:2:4:Infinity":1,"s:5:2:5:Infinity":2,"f:8:16:8:40":1,"s:9:2:9:Infinity":3},"fnNames":{}}}
,"/home/runner/work/unibud/unibud/src/education/models/learning-org/org-student.model.ts": {"path":"/home/runner/work/unibud/unibud/src/education/models/learning-org/org-student.model.ts","statementMap":{"0":{"start":{"line":15,"column":4},"end":{"line":15,"column":null}},"1":{"start":{"line":16,"column":4},"end":{"line":16,"column":null}},"2":{"start":{"line":17,"column":4},"end":{"line":17,"column":null}},"3":{"start":{"line":18,"column":4},"end":{"line":18,"column":null}},"4":{"start":{"line":19,"column":4},"end":{"line":19,"column":null}},"5":{"start":{"line":20,"column":4},"end":{"line":20,"column":null}},"6":{"start":{"line":21,"column":4},"end":{"line":21,"column":null}},"7":{"start":{"line":22,"column":4},"end":{"line":22,"column":null}},"8":{"start":{"line":23,"column":4},"end":{"line":23,"column":null}},"9":{"start":{"line":27,"column":4},"end":{"line":37,"column":null}}},"fnMap":{"0":{"name":"constructor","decl":{"start":{"line":14,"column":2},"end":{"line":14,"column":14}},"loc":{"start":{"line":14,"column":115},"end":{"line":24,"column":null}},"line":14},"1":{"name":"toJSON","decl":{"start":{"line":26,"column":2},"end":{"line":26,"column":32}},"loc":{"start":{"line":26,"column":32},"end":{"line":38,"column":null}},"line":26}},"branchMap":{"0":{"loc":{"start":{"line":20,"column":18},"end":{"line":20,"column":null}},"type":"binary-expr","locations":[{"start":{"line":20,"column":18},"end":{"line":20,"column":33}},{"start":{"line":20,"column":33},"end":{"line":20,"column":null}}],"line":20},"1":{"loc":{"start":{"line":22,"column":21},"end":{"line":22,"column":null}},"type":"binary-expr","locations":[{"start":{"line":22,"column":21},"end":{"line":22,"column":39}},{"start":{"line":22,"column":39},"end":{"line":22,"column":null}}],"line":22},"2":{"loc":{"start":{"line":23,"column":21},"end":{"line":23,"column":null}},"type":"binary-expr","locations":[{"start":{"line":23,"column":21},"end":{"line":23,"column":39}},{"start":{"line":23,"column":39},"end":{"line":23,"column":null}}],"line":23}},"s":{"0":8,"1":8,"2":8,"3":8,"4":8,"5":8,"6":8,"7":8,"8":8,"9":17},"f":{"0":8,"1":17},"b":{"0":[8,0],"1":[8,8],"2":[8,8]},"meta":{"lastBranch":3,"lastFunction":2,"lastStatement":10,"seen":{"f:14:2:14:14":0,"s:15:4:15:Infinity":0,"s:16:4:16:Infinity":1,"s:17:4:17:Infinity":2,"s:18:4:18:Infinity":3,"s:19:4:19:Infinity":4,"s:20:4:20:Infinity":5,"b:20:18:20:33:20:33:20:Infinity":0,"s:21:4:21:Infinity":6,"s:22:4:22:Infinity":7,"b:22:21:22:39:22:39:22:Infinity":1,"s:23:4:23:Infinity":8,"b:23:21:23:39:23:39:23:Infinity":2,"f:26:2:26:32":1,"s:27:4:37:Infinity":9},"fnNames":{}}}
,"/home/runner/work/unibud/unibud/src/education/models/learning-org/organization.model.ts": {"path":"/home/runner/work/unibud/unibud/src/education/models/learning-org/organization.model.ts","statementMap":{"0":{"start":{"line":14,"column":4},"end":{"line":14,"column":null}},"1":{"start":{"line":15,"column":4},"end":{"line":15,"column":null}},"2":{"start":{"line":16,"column":4},"end":{"line":16,"column":null}},"3":{"start":{"line":17,"column":4},"end":{"line":17,"column":null}},"4":{"start":{"line":18,"column":4},"end":{"line":18,"column":null}},"5":{"start":{"line":19,"column":4},"end":{"line":19,"column":null}},"6":{"start":{"line":20,"column":4},"end":{"line":20,"column":null}},"7":{"start":{"line":21,"column":4},"end":{"line":21,"column":null}},"8":{"start":{"line":25,"column":4},"end":{"line":34,"column":null}}},"fnMap":{"0":{"name":"constructor","decl":{"start":{"line":13,"column":2},"end":{"line":13,"column":14}},"loc":{"start":{"line":13,"column":117},"end":{"line":22,"column":null}},"line":13},"1":{"name":"toJSON","decl":{"start":{"line":24,"column":2},"end":{"line":24,"column":34}},"loc":{"start":{"line":24,"column":34},"end":{"line":35,"column":null}},"line":24}},"branchMap":{"0":{"loc":{"start":{"line":18,"column":21},"end":{"line":18,"column":null}},"type":"binary-expr","locations":[{"start":{"line":18,"column":21},"end":{"line":18,"column":39}},{"start":{"line":18,"column":39},"end":{"line":18,"column":null}}],"line":18},"1":{"loc":{"start":{"line":20,"column":21},"end":{"line":20,"column":null}},"type":"binary-expr","locations":[{"start":{"line":20,"column":21},"end":{"line":20,"column":39}},{"start":{"line":20,"column":39},"end":{"line":20,"column":null}}],"line":20},"2":{"loc":{"start":{"line":21,"column":21},"end":{"line":21,"column":null}},"type":"binary-expr","locations":[{"start":{"line":21,"column":21},"end":{"line":21,"column":39}},{"start":{"line":21,"column":39},"end":{"line":21,"column":null}}],"line":21}},"s":{"0":12,"1":12,"2":12,"3":12,"4":12,"5":12,"6":12,"7":12,"8":21},"f":{"0":12,"1":21},"b":{"0":[12,0],"1":[12,12],"2":[12,12]},"meta":{"lastBranch":3,"lastFunction":2,"lastStatement":9,"seen":{"f:13:2:13:14":0,"s:14:4:14:Infinity":0,"s:15:4:15:Infinity":1,"s:16:4:16:Infinity":2,"s:17:4:17:Infinity":3,"s:18:4:18:Infinity":4,"b:18:21:18:39:18:39:18:Infinity":0,"s:19:4:19:Infinity":5,"s:20:4:20:Infinity":6,"b:20:21:20:39:20:39:20:Infinity":1,"s:21:4:21:Infinity":7,"b:21:21:21:39:21:39:21:Infinity":2,"f:24:2:24:34":1,"s:25:4:34:Infinity":8},"fnNames":{}}}
,"/home/runner/work/unibud/unibud/src/education/models/shared/class.model.ts": {"path":"/home/runner/work/unibud/unibud/src/education/models/shared/class.model.ts","statementMap":{"0":{"start":{"line":19,"column":4},"end":{"line":19,"column":null}},"1":{"start":{"line":20,"column":4},"end":{"line":20,"column":null}},"2":{"start":{"line":21,"column":4},"end":{"line":21,"column":null}},"3":{"start":{"line":22,"column":4},"end":{"line":22,"column":null}},"4":{"start":{"line":23,"column":4},"end":{"line":23,"column":null}},"5":{"start":{"line":24,"column":4},"end":{"line":24,"column":null}},"6":{"start":{"line":25,"column":4},"end":{"line":25,"column":null}},"7":{"start":{"line":26,"column":4},"end":{"line":26,"column":null}},"8":{"start":{"line":27,"column":4},"end":{"line":27,"column":null}},"9":{"start":{"line":28,"column":4},"end":{"line":28,"column":null}},"10":{"start":{"line":29,"column":4},"end":{"line":29,"column":null}},"11":{"start":{"line":30,"column":4},"end":{"line":30,"column":null}},"12":{"start":{"line":31,"column":4},"end":{"line":31,"column":null}},"13":{"start":{"line":35,"column":4},"end":{"line":49,"column":null}}},"fnMap":{"0":{"name":"constructor","decl":{"start":{"line":18,"column":2},"end":{"line":18,"column":14}},"loc":{"start":{"line":18,"column":102},"end":{"line":32,"column":null}},"line":18},"1":{"name":"toJSON","decl":{"start":{"line":34,"column":2},"end":{"line":34,"column":19}},"loc":{"start":{"line":34,"column":19},"end":{"line":50,"column":null}},"line":34}},"branchMap":{"0":{"loc":{"start":{"line":28,"column":20},"end":{"line":28,"column":null}},"type":"binary-expr","locations":[{"start":{"line":28,"column":20},"end":{"line":28,"column":37}},{"start":{"line":28,"column":37},"end":{"line":28,"column":null}}],"line":28},"1":{"loc":{"start":{"line":30,"column":21},"end":{"line":30,"column":null}},"type":"binary-expr","locations":[{"start":{"line":30,"column":21},"end":{"line":30,"column":39}},{"start":{"line":30,"column":39},"end":{"line":30,"column":null}}],"line":30},"2":{"loc":{"start":{"line":31,"column":21},"end":{"line":31,"column":null}},"type":"binary-expr","locations":[{"start":{"line":31,"column":21},"end":{"line":31,"column":39}},{"start":{"line":31,"column":39},"end":{"line":31,"column":null}}],"line":31}},"s":{"0":17,"1":17,"2":17,"3":17,"4":17,"5":17,"6":17,"7":17,"8":17,"9":17,"10":17,"11":17,"12":17,"13":29},"f":{"0":17,"1":29},"b":{"0":[17,0],"1":[17,17],"2":[17,17]},"meta":{"lastBranch":3,"lastFunction":2,"lastStatement":14,"seen":{"f:18:2:18:14":0,"s:19:4:19:Infinity":0,"s:20:4:20:Infinity":1,"s:21:4:21:Infinity":2,"s:22:4:22:Infinity":3,"s:23:4:23:Infinity":4,"s:24:4:24:Infinity":5,"s:25:4:25:Infinity":6,"s:26:4:26:Infinity":7,"s:27:4:27:Infinity":8,"s:28:4:28:Infinity":9,"b:28:20:28:37:28:37:28:Infinity":0,"s:29:4:29:Infinity":10,"s:30:4:30:Infinity":11,"b:30:21:30:39:30:39:30:Infinity":1,"s:31:4:31:Infinity":12,"b:31:21:31:39:31:39:31:Infinity":2,"f:34:2:34:19":1,"s:35:4:49:Infinity":13},"fnNames":{}}}
,"/home/runner/work/unibud/unibud/src/education/models/shared/educator.model.ts": {"path":"/home/runner/work/unibud/unibud/src/education/models/shared/educator.model.ts","statementMap":{"0":{"start":{"line":14,"column":4},"end":{"line":14,"column":null}},"1":{"start":{"line":15,"column":4},"end":{"line":15,"column":null}},"2":{"start":{"line":16,"column":4},"end":{"line":16,"column":null}},"3":{"start":{"line":17,"column":4},"end":{"line":17,"column":null}},"4":{"start":{"line":18,"column":4},"end":{"line":18,"column":null}},"5":{"start":{"line":19,"column":4},"end":{"line":19,"column":null}},"6":{"start":{"line":20,"column":4},"end":{"line":20,"column":null}},"7":{"start":{"line":21,"column":4},"end":{"line":21,"column":null}},"8":{"start":{"line":25,"column":4},"end":{"line":34,"column":null}}},"fnMap":{"0":{"name":"constructor","decl":{"start":{"line":13,"column":2},"end":{"line":13,"column":14}},"loc":{"start":{"line":13,"column":105},"end":{"line":22,"column":null}},"line":13},"1":{"name":"toJSON","decl":{"start":{"line":24,"column":2},"end":{"line":24,"column":22}},"loc":{"start":{"line":24,"column":22},"end":{"line":35,"column":null}},"line":24}},"branchMap":{"0":{"loc":{"start":{"line":18,"column":27},"end":{"line":18,"column":null}},"type":"binary-expr","locations":[{"start":{"line":18,"column":27},"end":{"line":18,"column":51}},{"start":{"line":18,"column":51},"end":{"line":18,"column":null}}],"line":18},"1":{"loc":{"start":{"line":20,"column":21},"end":{"line":20,"column":null}},"type":"binary-expr","locations":[{"start":{"line":20,"column":21},"end":{"line":20,"column":39}},{"start":{"line":20,"column":39},"end":{"line":20,"column":null}}],"line":20},"2":{"loc":{"start":{"line":21,"column":21},"end":{"line":21,"column":null}},"type":"binary-expr","locations":[{"start":{"line":21,"column":21},"end":{"line":21,"column":39}},{"start":{"line":21,"column":39},"end":{"line":21,"column":null}}],"line":21}},"s":{"0":10,"1":10,"2":10,"3":10,"4":10,"5":10,"6":10,"7":10,"8":17},"f":{"0":10,"1":17},"b":{"0":[10,0],"1":[10,10],"2":[10,10]},"meta":{"lastBranch":3,"lastFunction":2,"lastStatement":9,"seen":{"f:13:2:13:14":0,"s:14:4:14:Infinity":0,"s:15:4:15:Infinity":1,"s:16:4:16:Infinity":2,"s:17:4:17:Infinity":3,"s:18:4:18:Infinity":4,"b:18:27:18:51:18:51:18:Infinity":0,"s:19:4:19:Infinity":5,"s:20:4:20:Infinity":6,"b:20:21:20:39:20:39:20:Infinity":1,"s:21:4:21:Infinity":7,"b:21:21:21:39:21:39:21:Infinity":2,"f:24:2:24:22":1,"s:25:4:34:Infinity":8},"fnNames":{}}}
,"/home/runner/work/unibud/unibud/src/education/models/shared/enrollment.model.ts": {"path":"/home/runner/work/unibud/unibud/src/education/models/shared/enrollment.model.ts","statementMap":{"0":{"start":{"line":14,"column":4},"end":{"line":14,"column":null}},"1":{"start":{"line":15,"column":4},"end":{"line":15,"column":null}},"2":{"start":{"line":16,"column":4},"end":{"line":16,"column":null}},"3":{"start":{"line":17,"column":4},"end":{"line":17,"column":null}},"4":{"start":{"line":18,"column":4},"end":{"line":18,"column":null}},"5":{"start":{"line":19,"column":4},"end":{"line":19,"column":null}},"6":{"start":{"line":20,"column":4},"end":{"line":20,"column":null}},"7":{"start":{"line":21,"column":4},"end":{"line":21,"column":null}},"8":{"start":{"line":25,"column":4},"end":{"line":34,"column":null}}},"fnMap":{"0":{"name":"constructor","decl":{"start":{"line":13,"column":2},"end":{"line":13,"column":14}},"loc":{"start":{"line":13,"column":107},"end":{"line":22,"column":null}},"line":13},"1":{"name":"toJSON","decl":{"start":{"line":24,"column":2},"end":{"line":24,"column":24}},"loc":{"start":{"line":24,"column":24},"end":{"line":35,"column":null}},"line":24}},"branchMap":{"0":{"loc":{"start":{"line":17,"column":18},"end":{"line":17,"column":null}},"type":"binary-expr","locations":[{"start":{"line":17,"column":18},"end":{"line":17,"column":33}},{"start":{"line":17,"column":33},"end":{"line":17,"column":null}}],"line":17},"1":{"loc":{"start":{"line":18,"column":22},"end":{"line":18,"column":null}},"type":"binary-expr","locations":[{"start":{"line":18,"column":22},"end":{"line":18,"column":41}},{"start":{"line":18,"column":41},"end":{"line":18,"column":null}}],"line":18},"2":{"loc":{"start":{"line":20,"column":21},"end":{"line":20,"column":null}},"type":"binary-expr","locations":[{"start":{"line":20,"column":21},"end":{"line":20,"column":39}},{"start":{"line":20,"column":39},"end":{"line":20,"column":null}}],"line":20},"3":{"loc":{"start":{"line":21,"column":21},"end":{"line":21,"column":null}},"type":"binary-expr","locations":[{"start":{"line":21,"column":21},"end":{"line":21,"column":39}},{"start":{"line":21,"column":39},"end":{"line":21,"column":null}}],"line":21}},"s":{"0":12,"1":12,"2":12,"3":12,"4":12,"5":12,"6":12,"7":12,"8":20},"f":{"0":12,"1":20},"b":{"0":[12,0],"1":[12,0],"2":[12,12],"3":[12,12]},"meta":{"lastBranch":4,"lastFunction":2,"lastStatement":9,"seen":{"f:13:2:13:14":0,"s:14:4:14:Infinity":0,"s:15:4:15:Infinity":1,"s:16:4:16:Infinity":2,"s:17:4:17:Infinity":3,"b:17:18:17:33:17:33:17:Infinity":0,"s:18:4:18:Infinity":4,"b:18:22:18:41:18:41:18:Infinity":1,"s:19:4:19:Infinity":5,"s:20:4:20:Infinity":6,"b:20:21:20:39:20:39:20:Infinity":2,"s:21:4:21:Infinity":7,"b:21:21:21:39:21:39:21:Infinity":3,"f:24:2:24:24":1,"s:25:4:34:Infinity":8},"fnNames":{}}}
,"/home/runner/work/unibud/unibud/src/education/models/shared/invitation.model.ts": {"path":"/home/runner/work/unibud/unibud/src/education/models/shared/invitation.model.ts","statementMap":{"0":{"start":{"line":17,"column":4},"end":{"line":17,"column":null}},"1":{"start":{"line":18,"column":4},"end":{"line":18,"column":null}},"2":{"start":{"line":19,"column":4},"end":{"line":19,"column":null}},"3":{"start":{"line":20,"column":4},"end":{"line":20,"column":null}},"4":{"start":{"line":21,"column":4},"end":{"line":21,"column":null}},"5":{"start":{"line":22,"column":4},"end":{"line":22,"column":null}},"6":{"start":{"line":23,"column":4},"end":{"line":23,"column":null}},"7":{"start":{"line":24,"column":4},"end":{"line":24,"column":null}},"8":{"start":{"line":25,"column":4},"end":{"line":25,"column":null}},"9":{"start":{"line":26,"column":4},"end":{"line":26,"column":null}},"10":{"start":{"line":27,"column":4},"end":{"line":27,"column":null}},"11":{"start":{"line":31,"column":4},"end":{"line":43,"column":null}}},"fnMap":{"0":{"name":"constructor","decl":{"start":{"line":16,"column":2},"end":{"line":16,"column":14}},"loc":{"start":{"line":16,"column":107},"end":{"line":28,"column":null}},"line":16},"1":{"name":"toJSON","decl":{"start":{"line":30,"column":2},"end":{"line":30,"column":24}},"loc":{"start":{"line":30,"column":24},"end":{"line":44,"column":null}},"line":30}},"branchMap":{"0":{"loc":{"start":{"line":23,"column":18},"end":{"line":23,"column":null}},"type":"binary-expr","locations":[{"start":{"line":23,"column":18},"end":{"line":23,"column":33}},{"start":{"line":23,"column":33},"end":{"line":23,"column":null}}],"line":23},"1":{"loc":{"start":{"line":26,"column":21},"end":{"line":26,"column":null}},"type":"binary-expr","locations":[{"start":{"line":26,"column":21},"end":{"line":26,"column":39}},{"start":{"line":26,"column":39},"end":{"line":26,"column":null}}],"line":26},"2":{"loc":{"start":{"line":27,"column":21},"end":{"line":27,"column":null}},"type":"binary-expr","locations":[{"start":{"line":27,"column":21},"end":{"line":27,"column":39}},{"start":{"line":27,"column":39},"end":{"line":27,"column":null}}],"line":27}},"s":{"0":10,"1":10,"2":10,"3":10,"4":10,"5":10,"6":10,"7":10,"8":10,"9":10,"10":10,"11":23},"f":{"0":10,"1":23},"b":{"0":[10,0],"1":[10,10],"2":[10,10]},"meta":{"lastBranch":3,"lastFunction":2,"lastStatement":12,"seen":{"f:16:2:16:14":0,"s:17:4:17:Infinity":0,"s:18:4:18:Infinity":1,"s:19:4:19:Infinity":2,"s:20:4:20:Infinity":3,"s:21:4:21:Infinity":4,"s:22:4:22:Infinity":5,"s:23:4:23:Infinity":6,"b:23:18:23:33:23:33:23:Infinity":0,"s:24:4:24:Infinity":7,"s:25:4:25:Infinity":8,"s:26:4:26:Infinity":9,"b:26:21:26:39:26:39:26:Infinity":1,"s:27:4:27:Infinity":10,"b:27:21:27:39:27:39:27:Infinity":2,"f:30:2:30:24":1,"s:31:4:43:Infinity":11},"fnNames":{}}}
,"/home/runner/work/unibud/unibud/src/education/models/shared/permission.model.ts": {"path":"/home/runner/work/unibud/unibud/src/education/models/shared/permission.model.ts","statementMap":{"0":{"start":{"line":12,"column":4},"end":{"line":12,"column":null}},"1":{"start":{"line":13,"column":4},"end":{"line":13,"column":null}},"2":{"start":{"line":14,"column":4},"end":{"line":14,"column":null}},"3":{"start":{"line":15,"column":4},"end":{"line":15,"column":null}},"4":{"start":{"line":16,"column":4},"end":{"line":16,"column":null}},"5":{"start":{"line":17,"column":4},"end":{"line":17,"column":null}},"6":{"start":{"line":21,"column":4},"end":{"line":28,"column":null}}},"fnMap":{"0":{"name":"constructor","decl":{"start":{"line":11,"column":2},"end":{"line":11,"column":14}},"loc":{"start":{"line":11,"column":107},"end":{"line":18,"column":null}},"line":11},"1":{"name":"toJSON","decl":{"start":{"line":20,"column":2},"end":{"line":20,"column":24}},"loc":{"start":{"line":20,"column":24},"end":{"line":29,"column":null}},"line":20}},"branchMap":{"0":{"loc":{"start":{"line":16,"column":21},"end":{"line":16,"column":null}},"type":"binary-expr","locations":[{"start":{"line":16,"column":21},"end":{"line":16,"column":39}},{"start":{"line":16,"column":39},"end":{"line":16,"column":null}}],"line":16},"1":{"loc":{"start":{"line":17,"column":21},"end":{"line":17,"column":null}},"type":"binary-expr","locations":[{"start":{"line":17,"column":21},"end":{"line":17,"column":39}},{"start":{"line":17,"column":39},"end":{"line":17,"column":null}}],"line":17}},"s":{"0":249,"1":249,"2":249,"3":249,"4":249,"5":249,"6":282},"f":{"0":249,"1":282},"b":{"0":[249,249],"1":[249,249]},"meta":{"lastBranch":2,"lastFunction":2,"lastStatement":7,"seen":{"f:11:2:11:14":0,"s:12:4:12:Infinity":0,"s:13:4:13:Infinity":1,"s:14:4:14:Infinity":2,"s:15:4:15:Infinity":3,"s:16:4:16:Infinity":4,"b:16:21:16:39:16:39:16:Infinity":0,"s:17:4:17:Infinity":5,"b:17:21:17:39:17:39:17:Infinity":1,"f:20:2:20:24":1,"s:21:4:28:Infinity":6},"fnNames":{}}}
,"/home/runner/work/unibud/unibud/src/education/models/shared/program.model.ts": {"path":"/home/runner/work/unibud/unibud/src/education/models/shared/program.model.ts","statementMap":{"0":{"start":{"line":15,"column":4},"end":{"line":15,"column":null}},"1":{"start":{"line":16,"column":4},"end":{"line":16,"column":null}},"2":{"start":{"line":17,"column":4},"end":{"line":17,"column":null}},"3":{"start":{"line":18,"column":4},"end":{"line":18,"column":null}},"4":{"start":{"line":19,"column":4},"end":{"line":19,"column":null}},"5":{"start":{"line":20,"column":4},"end":{"line":20,"column":null}},"6":{"start":{"line":21,"column":4},"end":{"line":21,"column":null}},"7":{"start":{"line":22,"column":4},"end":{"line":22,"column":null}},"8":{"start":{"line":23,"column":4},"end":{"line":23,"column":null}},"9":{"start":{"line":27,"column":4},"end":{"line":37,"column":null}}},"fnMap":{"0":{"name":"constructor","decl":{"start":{"line":14,"column":2},"end":{"line":14,"column":14}},"loc":{"start":{"line":14,"column":104},"end":{"line":24,"column":null}},"line":14},"1":{"name":"toJSON","decl":{"start":{"line":26,"column":2},"end":{"line":26,"column":21}},"loc":{"start":{"line":26,"column":21},"end":{"line":38,"column":null}},"line":26}},"branchMap":{"0":{"loc":{"start":{"line":19,"column":20},"end":{"line":19,"column":null}},"type":"binary-expr","locations":[{"start":{"line":19,"column":20},"end":{"line":19,"column":37}},{"start":{"line":19,"column":37},"end":{"line":19,"column":null}}],"line":19},"1":{"loc":{"start":{"line":22,"column":21},"end":{"line":22,"column":null}},"type":"binary-expr","locations":[{"start":{"line":22,"column":21},"end":{"line":22,"column":39}},{"start":{"line":22,"column":39},"end":{"line":22,"column":null}}],"line":22},"2":{"loc":{"start":{"line":23,"column":21},"end":{"line":23,"column":null}},"type":"binary-expr","locations":[{"start":{"line":23,"column":21},"end":{"line":23,"column":39}},{"start":{"line":23,"column":39},"end":{"line":23,"column":null}}],"line":23}},"s":{"0":18,"1":18,"2":18,"3":18,"4":18,"5":18,"6":18,"7":18,"8":18,"9":27},"f":{"0":18,"1":27},"b":{"0":[18,0],"1":[18,18],"2":[18,18]},"meta":{"lastBranch":3,"lastFunction":2,"lastStatement":10,"seen":{"f:14:2:14:14":0,"s:15:4:15:Infinity":0,"s:16:4:16:Infinity":1,"s:17:4:17:Infinity":2,"s:18:4:18:Infinity":3,"s:19:4:19:Infinity":4,"b:19:20:19:37:19:37:19:Infinity":0,"s:20:4:20:Infinity":5,"s:21:4:21:Infinity":6,"s:22:4:22:Infinity":7,"b:22:21:22:39:22:39:22:Infinity":1,"s:23:4:23:Infinity":8,"b:23:21:23:39:23:39:23:Infinity":2,"f:26:2:26:21":1,"s:27:4:37:Infinity":9},"fnNames":{}}}
,"/home/runner/work/unibud/unibud/src/education/models/shared/subject.model.ts": {"path":"/home/runner/work/unibud/unibud/src/education/models/shared/subject.model.ts","statementMap":{"0":{"start":{"line":14,"column":4},"end":{"line":14,"column":null}},"1":{"start":{"line":15,"column":4},"end":{"line":15,"column":null}},"2":{"start":{"line":16,"column":4},"end":{"line":16,"column":null}},"3":{"start":{"line":17,"column":4},"end":{"line":17,"column":null}},"4":{"start":{"line":18,"column":4},"end":{"line":18,"column":null}},"5":{"start":{"line":19,"column":4},"end":{"line":19,"column":null}},"6":{"start":{"line":20,"column":4},"end":{"line":20,"column":null}},"7":{"start":{"line":21,"column":4},"end":{"line":21,"column":null}},"8":{"start":{"line":25,"column":4},"end":{"line":34,"column":null}}},"fnMap":{"0":{"name":"constructor","decl":{"start":{"line":13,"column":2},"end":{"line":13,"column":14}},"loc":{"start":{"line":13,"column":104},"end":{"line":22,"column":null}},"line":13},"1":{"name":"toJSON","decl":{"start":{"line":24,"column":2},"end":{"line":24,"column":21}},"loc":{"start":{"line":24,"column":21},"end":{"line":35,"column":null}},"line":24}},"branchMap":{"0":{"loc":{"start":{"line":20,"column":21},"end":{"line":20,"column":null}},"type":"binary-expr","locations":[{"start":{"line":20,"column":21},"end":{"line":20,"column":39}},{"start":{"line":20,"column":39},"end":{"line":20,"column":null}}],"line":20},"1":{"loc":{"start":{"line":21,"column":21},"end":{"line":21,"column":null}},"type":"binary-expr","locations":[{"start":{"line":21,"column":21},"end":{"line":21,"column":39}},{"start":{"line":21,"column":39},"end":{"line":21,"column":null}}],"line":21}},"s":{"0":9,"1":9,"2":9,"3":9,"4":9,"5":9,"6":9,"7":9,"8":17},"f":{"0":9,"1":17},"b":{"0":[9,9],"1":[9,9]},"meta":{"lastBranch":2,"lastFunction":2,"lastStatement":9,"seen":{"f:13:2:13:14":0,"s:14:4:14:Infinity":0,"s:15:4:15:Infinity":1,"s:16:4:16:Infinity":2,"s:17:4:17:Infinity":3,"s:18:4:18:Infinity":4,"s:19:4:19:Infinity":5,"s:20:4:20:Infinity":6,"b:20:21:20:39:20:39:20:Infinity":0,"s:21:4:21:Infinity":7,"b:21:21:21:39:21:39:21:Infinity":1,"f:24:2:24:21":1,"s:25:4:34:Infinity":8},"fnNames":{}}}
,"/home/runner/work/unibud/unibud/src/education/models/university/course.model.ts": {"path":"/home/runner/work/unibud/unibud/src/education/models/university/course.model.ts","statementMap":{"0":{"start":{"line":15,"column":4},"end":{"line":15,"column":null}},"1":{"start":{"line":16,"column":4},"end":{"line":16,"column":null}},"2":{"start":{"line":17,"column":4},"end":{"line":17,"column":null}},"3":{"start":{"line":18,"column":4},"end":{"line":18,"column":null}},"4":{"start":{"line":19,"column":4},"end":{"line":19,"column":null}},"5":{"start":{"line":20,"column":4},"end":{"line":20,"column":null}},"6":{"start":{"line":21,"column":4},"end":{"line":21,"column":null}},"7":{"start":{"line":22,"column":4},"end":{"line":22,"column":null}},"8":{"start":{"line":23,"column":4},"end":{"line":23,"column":null}},"9":{"start":{"line":27,"column":4},"end":{"line":37,"column":null}}},"fnMap":{"0":{"name":"constructor","decl":{"start":{"line":14,"column":2},"end":{"line":14,"column":14}},"loc":{"start":{"line":14,"column":103},"end":{"line":24,"column":null}},"line":14},"1":{"name":"toJSON","decl":{"start":{"line":26,"column":2},"end":{"line":26,"column":20}},"loc":{"start":{"line":26,"column":20},"end":{"line":38,"column":null}},"line":26}},"branchMap":{"0":{"loc":{"start":{"line":22,"column":21},"end":{"line":22,"column":null}},"type":"binary-expr","locations":[{"start":{"line":22,"column":21},"end":{"line":22,"column":39}},{"start":{"line":22,"column":39},"end":{"line":22,"column":null}}],"line":22},"1":{"loc":{"start":{"line":23,"column":21},"end":{"line":23,"column":null}},"type":"binary-expr","locations":[{"start":{"line":23,"column":21},"end":{"line":23,"column":39}},{"start":{"line":23,"column":39},"end":{"line":23,"column":null}}],"line":23}},"s":{"0":8,"1":8,"2":8,"3":8,"4":8,"5":8,"6":8,"7":8,"8":8,"9":11},"f":{"0":8,"1":11},"b":{"0":[8,8],"1":[8,8]},"meta":{"lastBranch":2,"lastFunction":2,"lastStatement":10,"seen":{"f:14:2:14:14":0,"s:15:4:15:Infinity":0,"s:16:4:16:Infinity":1,"s:17:4:17:Infinity":2,"s:18:4:18:Infinity":3,"s:19:4:19:Infinity":4,"s:20:4:20:Infinity":5,"s:21:4:21:Infinity":6,"s:22:4:22:Infinity":7,"b:22:21:22:39:22:39:22:Infinity":0,"s:23:4:23:Infinity":8,"b:23:21:23:39:23:39:23:Infinity":1,"f:26:2:26:20":1,"s:27:4:37:Infinity":9},"fnNames":{}}}
,"/home/runner/work/unibud/unibud/src/education/models/university/department.model.ts": {"path":"/home/runner/work/unibud/unibud/src/education/models/university/department.model.ts","statementMap":{"0":{"start":{"line":15,"column":4},"end":{"line":15,"column":null}},"1":{"start":{"line":16,"column":4},"end":{"line":16,"column":null}},"2":{"start":{"line":17,"column":4},"end":{"line":17,"column":null}},"3":{"start":{"line":18,"column":4},"end":{"line":18,"column":null}},"4":{"start":{"line":19,"column":4},"end":{"line":19,"column":null}},"5":{"start":{"line":20,"column":4},"end":{"line":20,"column":null}},"6":{"start":{"line":21,"column":4},"end":{"line":21,"column":null}},"7":{"start":{"line":22,"column":4},"end":{"line":22,"column":null}},"8":{"start":{"line":23,"column":4},"end":{"line":23,"column":null}},"9":{"start":{"line":27,"column":4},"end":{"line":37,"column":null}}},"fnMap":{"0":{"name":"constructor","decl":{"start":{"line":14,"column":2},"end":{"line":14,"column":14}},"loc":{"start":{"line":14,"column":107},"end":{"line":24,"column":null}},"line":14},"1":{"name":"toJSON","decl":{"start":{"line":26,"column":2},"end":{"line":26,"column":24}},"loc":{"start":{"line":26,"column":24},"end":{"line":38,"column":null}},"line":26}},"branchMap":{"0":{"loc":{"start":{"line":20,"column":19},"end":{"line":20,"column":null}},"type":"binary-expr","locations":[{"start":{"line":20,"column":19},"end":{"line":20,"column":35}},{"start":{"line":20,"column":35},"end":{"line":20,"column":null}}],"line":20},"1":{"loc":{"start":{"line":22,"column":21},"end":{"line":22,"column":null}},"type":"binary-expr","locations":[{"start":{"line":22,"column":21},"end":{"line":22,"column":39}},{"start":{"line":22,"column":39},"end":{"line":22,"column":null}}],"line":22},"2":{"loc":{"start":{"line":23,"column":21},"end":{"line":23,"column":null}},"type":"binary-expr","locations":[{"start":{"line":23,"column":21},"end":{"line":23,"column":39}},{"start":{"line":23,"column":39},"end":{"line":23,"column":null}}],"line":23}},"s":{"0":7,"1":7,"2":7,"3":7,"4":7,"5":7,"6":7,"7":7,"8":7,"9":11},"f":{"0":7,"1":11},"b":{"0":[7,0],"1":[7,7],"2":[7,7]},"meta":{"lastBranch":3,"lastFunction":2,"lastStatement":10,"seen":{"f:14:2:14:14":0,"s:15:4:15:Infinity":0,"s:16:4:16:Infinity":1,"s:17:4:17:Infinity":2,"s:18:4:18:Infinity":3,"s:19:4:19:Infinity":4,"s:20:4:20:Infinity":5,"b:20:19:20:35:20:35:20:Infinity":0,"s:21:4:21:Infinity":6,"s:22:4:22:Infinity":7,"b:22:21:22:39:22:39:22:Infinity":1,"s:23:4:23:Infinity":8,"b:23:21:23:39:23:39:23:Infinity":2,"f:26:2:26:24":1,"s:27:4:37:Infinity":9},"fnNames":{}}}
,"/home/runner/work/unibud/unibud/src/education/models/university/faculty.model.ts": {"path":"/home/runner/work/unibud/unibud/src/education/models/university/faculty.model.ts","statementMap":{"0":{"start":{"line":15,"column":4},"end":{"line":15,"column":null}},"1":{"start":{"line":16,"column":4},"end":{"line":16,"column":null}},"2":{"start":{"line":17,"column":4},"end":{"line":17,"column":null}},"3":{"start":{"line":18,"column":4},"end":{"line":18,"column":null}},"4":{"start":{"line":19,"column":4},"end":{"line":19,"column":null}},"5":{"start":{"line":20,"column":4},"end":{"line":20,"column":null}},"6":{"start":{"line":21,"column":4},"end":{"line":21,"column":null}},"7":{"start":{"line":22,"column":4},"end":{"line":22,"column":null}},"8":{"start":{"line":23,"column":4},"end":{"line":23,"column":null}},"9":{"start":{"line":27,"column":4},"end":{"line":37,"column":null}}},"fnMap":{"0":{"name":"constructor","decl":{"start":{"line":14,"column":2},"end":{"line":14,"column":14}},"loc":{"start":{"line":14,"column":104},"end":{"line":24,"column":null}},"line":14},"1":{"name":"toJSON","decl":{"start":{"line":26,"column":2},"end":{"line":26,"column":21}},"loc":{"start":{"line":26,"column":21},"end":{"line":38,"column":null}},"line":26}},"branchMap":{"0":{"loc":{"start":{"line":20,"column":23},"end":{"line":20,"column":null}},"type":"binary-expr","locations":[{"start":{"line":20,"column":23},"end":{"line":20,"column":43}},{"start":{"line":20,"column":43},"end":{"line":20,"column":null}}],"line":20},"1":{"loc":{"start":{"line":22,"column":21},"end":{"line":22,"column":null}},"type":"binary-expr","locations":[{"start":{"line":22,"column":21},"end":{"line":22,"column":39}},{"start":{"line":22,"column":39},"end":{"line":22,"column":null}}],"line":22},"2":{"loc":{"start":{"line":23,"column":21},"end":{"line":23,"column":null}},"type":"binary-expr","locations":[{"start":{"line":23,"column":21},"end":{"line":23,"column":39}},{"start":{"line":23,"column":39},"end":{"line":23,"column":null}}],"line":23}},"s":{"0":8,"1":8,"2":8,"3":8,"4":8,"5":8,"6":8,"7":8,"8":8,"9":13},"f":{"0":8,"1":13},"b":{"0":[8,0],"1":[8,8],"2":[8,8]},"meta":{"lastBranch":3,"lastFunction":2,"lastStatement":10,"seen":{"f:14:2:14:14":0,"s:15:4:15:Infinity":0,"s:16:4:16:Infinity":1,"s:17:4:17:Infinity":2,"s:18:4:18:Infinity":3,"s:19:4:19:Infinity":4,"s:20:4:20:Infinity":5,"b:20:23:20:43:20:43:20:Infinity":0,"s:21:4:21:Infinity":6,"s:22:4:22:Infinity":7,"b:22:21:22:39:22:39:22:Infinity":1,"s:23:4:23:Infinity":8,"b:23:21:23:39:23:39:23:Infinity":2,"f:26:2:26:21":1,"s:27:4:37:Infinity":9},"fnNames":{}}}
,"/home/runner/work/unibud/unibud/src/education/models/university/university-student.model.ts": {"path":"/home/runner/work/unibud/unibud/src/education/models/university/university-student.model.ts","statementMap":{"0":{"start":{"line":17,"column":4},"end":{"line":17,"column":null}},"1":{"start":{"line":18,"column":4},"end":{"line":18,"column":null}},"2":{"start":{"line":19,"column":4},"end":{"line":19,"column":null}},"3":{"start":{"line":20,"column":4},"end":{"line":20,"column":null}},"4":{"start":{"line":21,"column":4},"end":{"line":21,"column":null}},"5":{"start":{"line":22,"column":4},"end":{"line":22,"column":null}},"6":{"start":{"line":23,"column":4},"end":{"line":23,"column":null}},"7":{"start":{"line":24,"column":4},"end":{"line":24,"column":null}},"8":{"start":{"line":25,"column":4},"end":{"line":25,"column":null}},"9":{"start":{"line":26,"column":4},"end":{"line":26,"column":null}},"10":{"start":{"line":27,"column":4},"end":{"line":27,"column":null}},"11":{"start":{"line":31,"column":4},"end":{"line":43,"column":null}}},"fnMap":{"0":{"name":"constructor","decl":{"start":{"line":16,"column":2},"end":{"line":16,"column":14}},"loc":{"start":{"line":16,"column":114},"end":{"line":28,"column":null}},"line":16},"1":{"name":"toJSON","decl":{"start":{"line":30,"column":2},"end":{"line":30,"column":31}},"loc":{"start":{"line":30,"column":31},"end":{"line":44,"column":null}},"line":30}},"branchMap":{"0":{"loc":{"start":{"line":24,"column":18},"end":{"line":24,"column":null}},"type":"binary-expr","locations":[{"start":{"line":24,"column":18},"end":{"line":24,"column":33}},{"start":{"line":24,"column":33},"end":{"line":24,"column":null}}],"line":24},"1":{"loc":{"start":{"line":26,"column":21},"end":{"line":26,"column":null}},"type":"binary-expr","locations":[{"start":{"line":26,"column":21},"end":{"line":26,"column":39}},{"start":{"line":26,"column":39},"end":{"line":26,"column":null}}],"line":26},"2":{"loc":{"start":{"line":27,"column":21},"end":{"line":27,"column":null}},"type":"binary-expr","locations":[{"start":{"line":27,"column":21},"end":{"line":27,"column":39}},{"start":{"line":27,"column":39},"end":{"line":27,"column":null}}],"line":27}},"s":{"0":6,"1":6,"2":6,"3":6,"4":6,"5":6,"6":6,"7":6,"8":6,"9":6,"10":6,"11":13},"f":{"0":6,"1":13},"b":{"0":[6,0],"1":[6,6],"2":[6,6]},"meta":{"lastBranch":3,"lastFunction":2,"lastStatement":12,"seen":{"f:16:2:16:14":0,"s:17:4:17:Infinity":0,"s:18:4:18:Infinity":1,"s:19:4:19:Infinity":2,"s:20:4:20:Infinity":3,"s:21:4:21:Infinity":4,"s:22:4:22:Infinity":5,"s:23:4:23:Infinity":6,"s:24:4:24:Infinity":7,"b:24:18:24:33:24:33:24:Infinity":0,"s:25:4:25:Infinity":8,"s:26:4:26:Infinity":9,"b:26:21:26:39:26:39:26:Infinity":1,"s:27:4:27:Infinity":10,"b:27:21:27:39:27:39:27:Infinity":2,"f:30:2:30:31":1,"s:31:4:43:Infinity":11},"fnNames":{}}}
,"/home/runner/work/unibud/unibud/src/education/models/university/university.model.ts": {"path":"/home/runner/work/unibud/unibud/src/education/models/university/university.model.ts","statementMap":{"0":{"start":{"line":14,"column":4},"end":{"line":14,"column":null}},"1":{"start":{"line":15,"column":4},"end":{"line":15,"column":null}},"2":{"start":{"line":16,"column":4},"end":{"line":16,"column":null}},"3":{"start":{"line":17,"column":4},"end":{"line":17,"column":null}},"4":{"start":{"line":18,"column":4},"end":{"line":18,"column":null}},"5":{"start":{"line":19,"column":4},"end":{"line":19,"column":null}},"6":{"start":{"line":20,"column":4},"end":{"line":20,"column":null}},"7":{"start":{"line":21,"column":4},"end":{"line":21,"column":null}},"8":{"start":{"line":25,"column":4},"end":{"line":34,"column":null}}},"fnMap":{"0":{"name":"constructor","decl":{"start":{"line":13,"column":2},"end":{"line":13,"column":14}},"loc":{"start":{"line":13,"column":107},"end":{"line":22,"column":null}},"line":13},"1":{"name":"toJSON","decl":{"start":{"line":24,"column":2},"end":{"line":24,"column":24}},"loc":{"start":{"line":24,"column":24},"end":{"line":35,"column":null}},"line":24}},"branchMap":{"0":{"loc":{"start":{"line":18,"column":21},"end":{"line":18,"column":null}},"type":"binary-expr","locations":[{"start":{"line":18,"column":21},"end":{"line":18,"column":39}},{"start":{"line":18,"column":39},"end":{"line":18,"column":null}}],"line":18},"1":{"loc":{"start":{"line":20,"column":21},"end":{"line":20,"column":null}},"type":"binary-expr","locations":[{"start":{"line":20,"column":21},"end":{"line":20,"column":39}},{"start":{"line":20,"column":39},"end":{"line":20,"column":null}}],"line":20},"2":{"loc":{"start":{"line":21,"column":21},"end":{"line":21,"column":null}},"type":"binary-expr","locations":[{"start":{"line":21,"column":21},"end":{"line":21,"column":39}},{"start":{"line":21,"column":39},"end":{"line":21,"column":null}}],"line":21}},"s":{"0":9,"1":9,"2":9,"3":9,"4":9,"5":9,"6":9,"7":9,"8":15},"f":{"0":9,"1":15},"b":{"0":[9,0],"1":[9,9],"2":[9,9]},"meta":{"lastBranch":3,"lastFunction":2,"lastStatement":9,"seen":{"f:13:2:13:14":0,"s:14:4:14:Infinity":0,"s:15:4:15:Infinity":1,"s:16:4:16:Infinity":2,"s:17:4:17:Infinity":3,"s:18:4:18:Infinity":4,"b:18:21:18:39:18:39:18:Infinity":0,"s:19:4:19:Infinity":5,"s:20:4:20:Infinity":6,"b:20:21:20:39:20:39:20:Infinity":1,"s:21:4:21:Infinity":7,"b:21:21:21:39:21:39:21:Infinity":2,"f:24:2:24:24":1,"s:25:4:34:Infinity":8},"fnNames":{}}}
,"/home/runner/work/unibud/unibud/src/education/services/learning-org/org-student.service.ts": {"path":"/home/runner/work/unibud/unibud/src/education/services/learning-org/org-student.service.ts","statementMap":{"0":{"start":{"line":6,"column":18},"end":{"line":6,"column":null}},"1":{"start":{"line":15,"column":10},"end":{"line":15,"column":null}},"2":{"start":{"line":16,"column":20},"end":{"line":16,"column":null}},"3":{"start":{"line":17,"column":4},"end":{"line":17,"column":null}},"4":{"start":{"line":18,"column":4},"end":{"line":18,"column":null}},"5":{"start":{"line":22,"column":20},"end":{"line":22,"column":null}},"6":{"start":{"line":23,"column":4},"end":{"line":23,"column":null}},"7":{"start":{"line":23,"column":18},"end":{"line":23,"column":null}},"8":{"start":{"line":24,"column":4},"end":{"line":24,"column":null}},"9":{"start":{"line":28,"column":20},"end":{"line":28,"column":null}},"10":{"start":{"line":29,"column":4},"end":{"line":29,"column":null}},"11":{"start":{"line":29,"column":18},"end":{"line":29,"column":null}},"12":{"start":{"line":30,"column":4},"end":{"line":30,"column":null}},"13":{"start":{"line":30,"column":45},"end":{"line":30,"column":null}},"14":{"start":{"line":31,"column":4},"end":{"line":31,"column":null}},"15":{"start":{"line":31,"column":37},"end":{"line":31,"column":null}},"16":{"start":{"line":32,"column":4},"end":{"line":32,"column":null}},"17":{"start":{"line":33,"column":4},"end":{"line":33,"column":null}},"18":{"start":{"line":37,"column":4},"end":{"line":39,"column":null}},"19":{"start":{"line":38,"column":14},"end":{"line":38,"column":120}},"20":{"start":{"line":39,"column":16},"end":{"line":39,"column":26}},"21":{"start":{"line":43,"column":20},"end":{"line":43,"column":null}},"22":{"start":{"line":44,"column":4},"end":{"line":44,"column":null}},"23":{"start":{"line":44,"column":18},"end":{"line":44,"column":null}},"24":{"start":{"line":45,"column":4},"end":{"line":45,"column":null}},"25":{"start":{"line":46,"column":4},"end":{"line":46,"column":null}},"26":{"start":{"line":50,"column":20},"end":{"line":50,"column":null}},"27":{"start":{"line":51,"column":4},"end":{"line":51,"column":null}},"28":{"start":{"line":51,"column":18},"end":{"line":51,"column":null}},"29":{"start":{"line":52,"column":4},"end":{"line":52,"column":null}},"30":{"start":{"line":53,"column":4},"end":{"line":53,"column":null}}},"fnMap":{"0":{"name":"enrollStudent","decl":{"start":{"line":8,"column":2},"end":{"line":8,"column":null}},"loc":{"start":{"line":14,"column":25},"end":{"line":19,"column":null}},"line":14},"1":{"name":"getStudent","decl":{"start":{"line":21,"column":2},"end":{"line":21,"column":13}},"loc":{"start":{"line":21,"column":46},"end":{"line":25,"column":null}},"line":21},"2":{"name":"updateStudent","decl":{"start":{"line":27,"column":2},"end":{"line":27,"column":16}},"loc":{"start":{"line":27,"column":124},"end":{"line":34,"column":null}},"line":27},"3":{"name":"listStudents","decl":{"start":{"line":36,"column":2},"end":{"line":36,"column":15}},"loc":{"start":{"line":36,"column":83},"end":{"line":40,"column":null}},"line":36},"4":{"name":"(anonymous_4)","decl":{"start":{"line":38,"column":14},"end":{"line":38,"column":20}},"loc":{"start":{"line":38,"column":14},"end":{"line":38,"column":120}},"line":38},"5":{"name":"(anonymous_5)","decl":{"start":{"line":39,"column":11},"end":{"line":39,"column":16}},"loc":{"start":{"line":39,"column":16},"end":{"line":39,"column":26}},"line":39},"6":{"name":"activateStudent","decl":{"start":{"line":42,"column":2},"end":{"line":42,"column":18}},"loc":{"start":{"line":42,"column":36},"end":{"line":47,"column":null}},"line":42},"7":{"name":"deactivateStudent","decl":{"start":{"line":49,"column":2},"end":{"line":49,"column":20}},"loc":{"start":{"line":49,"column":38},"end":{"line":54,"column":null}},"line":49}},"branchMap":{"0":{"loc":{"start":{"line":23,"column":4},"end":{"line":23,"column":null}},"type":"if","locations":[{"start":{"line":23,"column":4},"end":{"line":23,"column":null}},{"start":{},"end":{}}],"line":23},"1":{"loc":{"start":{"line":29,"column":4},"end":{"line":29,"column":null}},"type":"if","locations":[{"start":{"line":29,"column":4},"end":{"line":29,"column":null}},{"start":{},"end":{}}],"line":29},"2":{"loc":{"start":{"line":30,"column":4},"end":{"line":30,"column":null}},"type":"if","locations":[{"start":{"line":30,"column":4},"end":{"line":30,"column":null}},{"start":{},"end":{}}],"line":30},"3":{"loc":{"start":{"line":31,"column":4},"end":{"line":31,"column":null}},"type":"if","locations":[{"start":{"line":31,"column":4},"end":{"line":31,"column":null}},{"start":{},"end":{}}],"line":31},"4":{"loc":{"start":{"line":38,"column":14},"end":{"line":38,"column":120}},"type":"binary-expr","locations":[{"start":{"line":38,"column":20},"end":{"line":38,"column":39}},{"start":{"line":38,"column":39},"end":{"line":38,"column":80}},{"start":{"line":38,"column":80},"end":{"line":38,"column":94}},{"start":{"line":38,"column":94},"end":{"line":38,"column":120}}],"line":38},"5":{"loc":{"start":{"line":44,"column":4},"end":{"line":44,"column":null}},"type":"if","locations":[{"start":{"line":44,"column":4},"end":{"line":44,"column":null}},{"start":{},"end":{}}],"line":44},"6":{"loc":{"start":{"line":51,"column":4},"end":{"line":51,"column":null}},"type":"if","locations":[{"start":{"line":51,"column":4},"end":{"line":51,"column":null}},{"start":{},"end":{}}],"line":51}},"s":{"0":15,"1":8,"2":8,"3":8,"4":8,"5":4,"6":4,"7":1,"8":3,"9":1,"10":1,"11":0,"12":1,"13":1,"14":1,"15":0,"16":1,"17":1,"18":3,"19":9,"20":5,"21":2,"22":2,"23":1,"24":1,"25":1,"26":1,"27":1,"28":0,"29":1,"30":1},"f":{"0":8,"1":4,"2":1,"3":3,"4":9,"5":5,"6":2,"7":1},"b":{"0":[1,3],"1":[0,1],"2":[1,0],"3":[0,1],"4":[9,6,6,4],"5":[1,1],"6":[0,1]},"meta":{"lastBranch":7,"lastFunction":8,"lastStatement":31,"seen":{"s:6:18:6:Infinity":0,"f:8:2:8:Infinity":0,"s:15:10:15:Infinity":1,"s:16:20:16:Infinity":2,"s:17:4:17:Infinity":3,"s:18:4:18:Infinity":4,"f:21:2:21:13":1,"s:22:20:22:Infinity":5,"b:23:4:23:Infinity:undefined:undefined:undefined:undefined":0,"s:23:4:23:Infinity":6,"s:23:18:23:Infinity":7,"s:24:4:24:Infinity":8,"f:27:2:27:16":2,"s:28:20:28:Infinity":9,"b:29:4:29:Infinity:undefined:undefined:undefined:undefined":1,"s:29:4:29:Infinity":10,"s:29:18:29:Infinity":11,"b:30:4:30:Infinity:undefined:undefined:undefined:undefined":2,"s:30:4:30:Infinity":12,"s:30:45:30:Infinity":13,"b:31:4:31:Infinity:undefined:undefined:undefined:undefined":3,"s:31:4:31:Infinity":14,"s:31:37:31:Infinity":15,"s:32:4:32:Infinity":16,"s:33:4:33:Infinity":17,"f:36:2:36:15":3,"s:37:4:39:Infinity":18,"f:38:14:38:20":4,"s:38:14:38:120":19,"b:38:20:38:39:38:39:38:80:38:80:38:94:38:94:38:120":4,"f:39:11:39:16":5,"s:39:16:39:26":20,"f:42:2:42:18":6,"s:43:20:43:Infinity":21,"b:44:4:44:Infinity:undefined:undefined:undefined:undefined":5,"s:44:4:44:Infinity":22,"s:44:18:44:Infinity":23,"s:45:4:45:Infinity":24,"s:46:4:46:Infinity":25,"f:49:2:49:20":7,"s:50:20:50:Infinity":26,"b:51:4:51:Infinity:undefined:undefined:undefined:undefined":6,"s:51:4:51:Infinity":27,"s:51:18:51:Infinity":28,"s:52:4:52:Infinity":29,"s:53:4:53:Infinity":30},"fnNames":{}}}
,"/home/runner/work/unibud/unibud/src/education/services/learning-org/organization.service.ts": {"path":"/home/runner/work/unibud/unibud/src/education/services/learning-org/organization.service.ts","statementMap":{"0":{"start":{"line":6,"column":18},"end":{"line":6,"column":null}},"1":{"start":{"line":9,"column":10},"end":{"line":9,"column":null}},"2":{"start":{"line":10,"column":16},"end":{"line":10,"column":null}},"3":{"start":{"line":11,"column":4},"end":{"line":11,"column":null}},"4":{"start":{"line":12,"column":4},"end":{"line":12,"column":null}},"5":{"start":{"line":16,"column":16},"end":{"line":16,"column":null}},"6":{"start":{"line":17,"column":4},"end":{"line":17,"column":null}},"7":{"start":{"line":17,"column":14},"end":{"line":17,"column":null}},"8":{"start":{"line":18,"column":4},"end":{"line":18,"column":null}},"9":{"start":{"line":22,"column":16},"end":{"line":22,"column":null}},"10":{"start":{"line":23,"column":4},"end":{"line":23,"column":null}},"11":{"start":{"line":23,"column":14},"end":{"line":23,"column":null}},"12":{"start":{"line":24,"column":4},"end":{"line":24,"column":null}},"13":{"start":{"line":24,"column":33},"end":{"line":24,"column":null}},"14":{"start":{"line":25,"column":4},"end":{"line":25,"column":null}},"15":{"start":{"line":25,"column":33},"end":{"line":25,"column":null}},"16":{"start":{"line":26,"column":4},"end":{"line":26,"column":null}},"17":{"start":{"line":26,"column":40},"end":{"line":26,"column":null}},"18":{"start":{"line":27,"column":4},"end":{"line":27,"column":null}},"19":{"start":{"line":27,"column":37},"end":{"line":27,"column":null}},"20":{"start":{"line":28,"column":4},"end":{"line":28,"column":null}},"21":{"start":{"line":29,"column":4},"end":{"line":29,"column":null}},"22":{"start":{"line":33,"column":4},"end":{"line":35,"column":null}},"23":{"start":{"line":34,"column":19},"end":{"line":34,"column":43}},"24":{"start":{"line":35,"column":16},"end":{"line":35,"column":26}},"25":{"start":{"line":39,"column":4},"end":{"line":39,"column":null}},"26":{"start":{"line":39,"column":29},"end":{"line":39,"column":null}},"27":{"start":{"line":40,"column":4},"end":{"line":40,"column":null}},"28":{"start":{"line":44,"column":16},"end":{"line":44,"column":null}},"29":{"start":{"line":45,"column":4},"end":{"line":45,"column":null}},"30":{"start":{"line":45,"column":14},"end":{"line":45,"column":null}},"31":{"start":{"line":46,"column":4},"end":{"line":49,"column":null}},"32":{"start":{"line":47,"column":6},"end":{"line":47,"column":null}},"33":{"start":{"line":48,"column":6},"end":{"line":48,"column":null}}},"fnMap":{"0":{"name":"createOrganization","decl":{"start":{"line":8,"column":2},"end":{"line":8,"column":21}},"loc":{"start":{"line":8,"column":139},"end":{"line":13,"column":null}},"line":8},"1":{"name":"getOrganization","decl":{"start":{"line":15,"column":2},"end":{"line":15,"column":18}},"loc":{"start":{"line":15,"column":53},"end":{"line":19,"column":null}},"line":15},"2":{"name":"updateOrganization","decl":{"start":{"line":21,"column":2},"end":{"line":21,"column":21}},"loc":{"start":{"line":21,"column":146},"end":{"line":30,"column":null}},"line":21},"3":{"name":"listOrganizations","decl":{"start":{"line":32,"column":2},"end":{"line":32,"column":20}},"loc":{"start":{"line":32,"column":69},"end":{"line":36,"column":null}},"line":32},"4":{"name":"(anonymous_4)","decl":{"start":{"line":34,"column":14},"end":{"line":34,"column":19}},"loc":{"start":{"line":34,"column":19},"end":{"line":34,"column":43}},"line":34},"5":{"name":"(anonymous_5)","decl":{"start":{"line":35,"column":11},"end":{"line":35,"column":16}},"loc":{"start":{"line":35,"column":16},"end":{"line":35,"column":26}},"line":35},"6":{"name":"deleteOrganization","decl":{"start":{"line":38,"column":2},"end":{"line":38,"column":21}},"loc":{"start":{"line":38,"column":39},"end":{"line":41,"column":null}},"line":38},"7":{"name":"addEducator","decl":{"start":{"line":43,"column":2},"end":{"line":43,"column":14}},"loc":{"start":{"line":43,"column":64},"end":{"line":50,"column":null}},"line":43}},"branchMap":{"0":{"loc":{"start":{"line":17,"column":4},"end":{"line":17,"column":null}},"type":"if","locations":[{"start":{"line":17,"column":4},"end":{"line":17,"column":null}},{"start":{},"end":{}}],"line":17},"1":{"loc":{"start":{"line":23,"column":4},"end":{"line":23,"column":null}},"type":"if","locations":[{"start":{"line":23,"column":4},"end":{"line":23,"column":null}},{"start":{},"end":{}}],"line":23},"2":{"loc":{"start":{"line":24,"column":4},"end":{"line":24,"column":null}},"type":"if","locations":[{"start":{"line":24,"column":4},"end":{"line":24,"column":null}},{"start":{},"end":{}}],"line":24},"3":{"loc":{"start":{"line":25,"column":4},"end":{"line":25,"column":null}},"type":"if","locations":[{"start":{"line":25,"column":4},"end":{"line":25,"column":null}},{"start":{},"end":{}}],"line":25},"4":{"loc":{"start":{"line":26,"column":4},"end":{"line":26,"column":null}},"type":"if","locations":[{"start":{"line":26,"column":4},"end":{"line":26,"column":null}},{"start":{},"end":{}}],"line":26},"5":{"loc":{"start":{"line":27,"column":4},"end":{"line":27,"column":null}},"type":"if","locations":[{"start":{"line":27,"column":4},"end":{"line":27,"column":null}},{"start":{},"end":{}}],"line":27},"6":{"loc":{"start":{"line":34,"column":19},"end":{"line":34,"column":43}},"type":"binary-expr","locations":[{"start":{"line":34,"column":19},"end":{"line":34,"column":28}},{"start":{"line":34,"column":28},"end":{"line":34,"column":43}}],"line":34},"7":{"loc":{"start":{"line":39,"column":4},"end":{"line":39,"column":null}},"type":"if","locations":[{"start":{"line":39,"column":4},"end":{"line":39,"column":null}},{"start":{},"end":{}}],"line":39},"8":{"loc":{"start":{"line":45,"column":4},"end":{"line":45,"column":null}},"type":"if","locations":[{"start":{"line":45,"column":4},"end":{"line":45,"column":null}},{"start":{},"end":{}}],"line":45},"9":{"loc":{"start":{"line":46,"column":4},"end":{"line":49,"column":null}},"type":"if","locations":[{"start":{"line":46,"column":4},"end":{"line":49,"column":null}},{"start":{},"end":{}}],"line":46}},"s":{"0":20,"1":12,"2":12,"3":12,"4":12,"5":3,"6":3,"7":1,"8":2,"9":1,"10":1,"11":0,"12":1,"13":1,"14":1,"15":0,"16":1,"17":1,"18":1,"19":0,"20":1,"21":1,"22":4,"23":9,"24":6,"25":2,"26":1,"27":1,"28":4,"29":4,"30":1,"31":3,"32":2,"33":2},"f":{"0":12,"1":3,"2":1,"3":4,"4":9,"5":6,"6":2,"7":4},"b":{"0":[1,2],"1":[0,1],"2":[1,0],"3":[0,1],"4":[1,0],"5":[0,1],"6":[9,6],"7":[1,1],"8":[1,3],"9":[2,1]},"meta":{"lastBranch":10,"lastFunction":8,"lastStatement":34,"seen":{"s:6:18:6:Infinity":0,"f:8:2:8:21":0,"s:9:10:9:Infinity":1,"s:10:16:10:Infinity":2,"s:11:4:11:Infinity":3,"s:12:4:12:Infinity":4,"f:15:2:15:18":1,"s:16:16:16:Infinity":5,"b:17:4:17:Infinity:undefined:undefined:undefined:undefined":0,"s:17:4:17:Infinity":6,"s:17:14:17:Infinity":7,"s:18:4:18:Infinity":8,"f:21:2:21:21":2,"s:22:16:22:Infinity":9,"b:23:4:23:Infinity:undefined:undefined:undefined:undefined":1,"s:23:4:23:Infinity":10,"s:23:14:23:Infinity":11,"b:24:4:24:Infinity:undefined:undefined:undefined:undefined":2,"s:24:4:24:Infinity":12,"s:24:33:24:Infinity":13,"b:25:4:25:Infinity:undefined:undefined:undefined:undefined":3,"s:25:4:25:Infinity":14,"s:25:33:25:Infinity":15,"b:26:4:26:Infinity:undefined:undefined:undefined:undefined":4,"s:26:4:26:Infinity":16,"s:26:40:26:Infinity":17,"b:27:4:27:Infinity:undefined:undefined:undefined:undefined":5,"s:27:4:27:Infinity":18,"s:27:37:27:Infinity":19,"s:28:4:28:Infinity":20,"s:29:4:29:Infinity":21,"f:32:2:32:20":3,"s:33:4:35:Infinity":22,"f:34:14:34:19":4,"s:34:19:34:43":23,"b:34:19:34:28:34:28:34:43":6,"f:35:11:35:16":5,"s:35:16:35:26":24,"f:38:2:38:21":6,"b:39:4:39:Infinity:undefined:undefined:undefined:undefined":7,"s:39:4:39:Infinity":25,"s:39:29:39:Infinity":26,"s:40:4:40:Infinity":27,"f:43:2:43:14":7,"s:44:16:44:Infinity":28,"b:45:4:45:Infinity:undefined:undefined:undefined:undefined":8,"s:45:4:45:Infinity":29,"s:45:14:45:Infinity":30,"b:46:4:49:Infinity:undefined:undefined:undefined:undefined":9,"s:46:4:49:Infinity":31,"s:47:6:47:Infinity":32,"s:48:6:48:Infinity":33},"fnNames":{}}}
,"/home/runner/work/unibud/unibud/src/education/services/shared/class.service.ts": {"path":"/home/runner/work/unibud/unibud/src/education/services/shared/class.service.ts","statementMap":{"0":{"start":{"line":6,"column":18},"end":{"line":6,"column":null}},"1":{"start":{"line":19,"column":10},"end":{"line":19,"column":null}},"2":{"start":{"line":20,"column":16},"end":{"line":20,"column":null}},"3":{"start":{"line":21,"column":4},"end":{"line":21,"column":null}},"4":{"start":{"line":22,"column":4},"end":{"line":22,"column":null}},"5":{"start":{"line":26,"column":16},"end":{"line":26,"column":null}},"6":{"start":{"line":27,"column":4},"end":{"line":27,"column":null}},"7":{"start":{"line":27,"column":14},"end":{"line":27,"column":null}},"8":{"start":{"line":28,"column":4},"end":{"line":28,"column":null}},"9":{"start":{"line":32,"column":16},"end":{"line":32,"column":null}},"10":{"start":{"line":33,"column":4},"end":{"line":33,"column":null}},"11":{"start":{"line":33,"column":14},"end":{"line":33,"column":null}},"12":{"start":{"line":34,"column":4},"end":{"line":34,"column":null}},"13":{"start":{"line":34,"column":33},"end":{"line":34,"column":null}},"14":{"start":{"line":35,"column":4},"end":{"line":35,"column":null}},"15":{"start":{"line":35,"column":33},"end":{"line":35,"column":null}},"16":{"start":{"line":36,"column":4},"end":{"line":36,"column":null}},"17":{"start":{"line":36,"column":37},"end":{"line":36,"column":null}},"18":{"start":{"line":37,"column":4},"end":{"line":37,"column":null}},"19":{"start":{"line":37,"column":37},"end":{"line":37,"column":null}},"20":{"start":{"line":38,"column":4},"end":{"line":38,"column":null}},"21":{"start":{"line":38,"column":37},"end":{"line":38,"column":null}},"22":{"start":{"line":39,"column":4},"end":{"line":39,"column":null}},"23":{"start":{"line":40,"column":4},"end":{"line":40,"column":null}},"24":{"start":{"line":44,"column":4},"end":{"line":50,"column":null}},"25":{"start":{"line":45,"column":14},"end":{"line":48,"column":null}},"26":{"start":{"line":50,"column":16},"end":{"line":50,"column":26}},"27":{"start":{"line":54,"column":4},"end":{"line":54,"column":null}},"28":{"start":{"line":54,"column":29},"end":{"line":54,"column":null}},"29":{"start":{"line":55,"column":4},"end":{"line":55,"column":null}}},"fnMap":{"0":{"name":"createClass","decl":{"start":{"line":8,"column":2},"end":{"line":8,"column":null}},"loc":{"start":{"line":18,"column":12},"end":{"line":23,"column":null}},"line":18},"1":{"name":"getClass","decl":{"start":{"line":25,"column":2},"end":{"line":25,"column":11}},"loc":{"start":{"line":25,"column":31},"end":{"line":29,"column":null}},"line":25},"2":{"name":"updateClass","decl":{"start":{"line":31,"column":2},"end":{"line":31,"column":14}},"loc":{"start":{"line":31,"column":119},"end":{"line":41,"column":null}},"line":31},"3":{"name":"listClasses","decl":{"start":{"line":43,"column":2},"end":{"line":43,"column":14}},"loc":{"start":{"line":43,"column":90},"end":{"line":51,"column":null}},"line":43},"4":{"name":"(anonymous_4)","decl":{"start":{"line":45,"column":14},"end":{"line":45,"column":null}},"loc":{"start":{"line":45,"column":14},"end":{"line":48,"column":null}},"line":45},"5":{"name":"(anonymous_5)","decl":{"start":{"line":50,"column":11},"end":{"line":50,"column":16}},"loc":{"start":{"line":50,"column":16},"end":{"line":50,"column":26}},"line":50},"6":{"name":"deleteClass","decl":{"start":{"line":53,"column":2},"end":{"line":53,"column":14}},"loc":{"start":{"line":53,"column":32},"end":{"line":56,"column":null}},"line":53}},"branchMap":{"0":{"loc":{"start":{"line":27,"column":4},"end":{"line":27,"column":null}},"type":"if","locations":[{"start":{"line":27,"column":4},"end":{"line":27,"column":null}},{"start":{},"end":{}}],"line":27},"1":{"loc":{"start":{"line":33,"column":4},"end":{"line":33,"column":null}},"type":"if","locations":[{"start":{"line":33,"column":4},"end":{"line":33,"column":null}},{"start":{},"end":{}}],"line":33},"2":{"loc":{"start":{"line":34,"column":4},"end":{"line":34,"column":null}},"type":"if","locations":[{"start":{"line":34,"column":4},"end":{"line":34,"column":null}},{"start":{},"end":{}}],"line":34},"3":{"loc":{"start":{"line":35,"column":4},"end":{"line":35,"column":null}},"type":"if","locations":[{"start":{"line":35,"column":4},"end":{"line":35,"column":null}},{"start":{},"end":{}}],"line":35},"4":{"loc":{"start":{"line":36,"column":4},"end":{"line":36,"column":null}},"type":"if","locations":[{"start":{"line":36,"column":4},"end":{"line":36,"column":null}},{"start":{},"end":{}}],"line":36},"5":{"loc":{"start":{"line":37,"column":4},"end":{"line":37,"column":null}},"type":"if","locations":[{"start":{"line":37,"column":4},"end":{"line":37,"column":null}},{"start":{},"end":{}}],"line":37},"6":{"loc":{"start":{"line":38,"column":4},"end":{"line":38,"column":null}},"type":"if","locations":[{"start":{"line":38,"column":4},"end":{"line":38,"column":null}},{"start":{},"end":{}}],"line":38},"7":{"loc":{"start":{"line":45,"column":14},"end":{"line":48,"column":null}},"type":"binary-expr","locations":[{"start":{"line":46,"column":9},"end":{"line":46,"column":28}},{"start":{"line":46,"column":28},"end":{"line":46,"column":null}},{"start":{"line":47,"column":9},"end":{"line":47,"column":23}},{"start":{"line":47,"column":23},"end":{"line":47,"column":null}},{"start":{"line":48,"column":9},"end":{"line":48,"column":24}},{"start":{"line":48,"column":24},"end":{"line":48,"column":null}}],"line":45},"8":{"loc":{"start":{"line":54,"column":4},"end":{"line":54,"column":null}},"type":"if","locations":[{"start":{"line":54,"column":4},"end":{"line":54,"column":null}},{"start":{},"end":{}}],"line":54}},"s":{"0":20,"1":17,"2":17,"3":17,"4":17,"5":2,"6":2,"7":1,"8":1,"9":2,"10":2,"11":1,"12":1,"13":1,"14":1,"15":0,"16":1,"17":0,"18":1,"19":1,"20":1,"21":0,"22":1,"23":1,"24":8,"25":15,"26":10,"27":2,"28":1,"29":1},"f":{"0":17,"1":2,"2":2,"3":8,"4":15,"5":10,"6":2},"b":{"0":[1,1],"1":[1,1],"2":[1,0],"3":[0,1],"4":[0,1],"5":[1,0],"6":[0,1],"7":[15,6,12,2,11,2],"8":[1,1]},"meta":{"lastBranch":9,"lastFunction":7,"lastStatement":30,"seen":{"s:6:18:6:Infinity":0,"f:8:2:8:Infinity":0,"s:19:10:19:Infinity":1,"s:20:16:20:Infinity":2,"s:21:4:21:Infinity":3,"s:22:4:22:Infinity":4,"f:25:2:25:11":1,"s:26:16:26:Infinity":5,"b:27:4:27:Infinity:undefined:undefined:undefined:undefined":0,"s:27:4:27:Infinity":6,"s:27:14:27:Infinity":7,"s:28:4:28:Infinity":8,"f:31:2:31:14":2,"s:32:16:32:Infinity":9,"b:33:4:33:Infinity:undefined:undefined:undefined:undefined":1,"s:33:4:33:Infinity":10,"s:33:14:33:Infinity":11,"b:34:4:34:Infinity:undefined:undefined:undefined:undefined":2,"s:34:4:34:Infinity":12,"s:34:33:34:Infinity":13,"b:35:4:35:Infinity:undefined:undefined:undefined:undefined":3,"s:35:4:35:Infinity":14,"s:35:33:35:Infinity":15,"b:36:4:36:Infinity:undefined:undefined:undefined:undefined":4,"s:36:4:36:Infinity":16,"s:36:37:36:Infinity":17,"b:37:4:37:Infinity:undefined:undefined:undefined:undefined":5,"s:37:4:37:Infinity":18,"s:37:37:37:Infinity":19,"b:38:4:38:Infinity:undefined:undefined:undefined:undefined":6,"s:38:4:38:Infinity":20,"s:38:37:38:Infinity":21,"s:39:4:39:Infinity":22,"s:40:4:40:Infinity":23,"f:43:2:43:14":3,"s:44:4:50:Infinity":24,"f:45:14:45:Infinity":4,"s:45:14:48:Infinity":25,"b:46:9:46:28:46:28:46:Infinity:47:9:47:23:47:23:47:Infinity:48:9:48:24:48:24:48:Infinity":7,"f:50:11:50:16":5,"s:50:16:50:26":26,"f:53:2:53:14":6,"b:54:4:54:Infinity:undefined:undefined:undefined:undefined":8,"s:54:4:54:Infinity":27,"s:54:29:54:Infinity":28,"s:55:4:55:Infinity":29},"fnNames":{}}}
,"/home/runner/work/unibud/unibud/src/education/services/shared/educator.service.ts": {"path":"/home/runner/work/unibud/unibud/src/education/services/shared/educator.service.ts","statementMap":{"0":{"start":{"line":6,"column":18},"end":{"line":6,"column":null}},"1":{"start":{"line":9,"column":21},"end":{"line":9,"column":null}},"2":{"start":{"line":9,"column":63},"end":{"line":9,"column":80}},"3":{"start":{"line":10,"column":4},"end":{"line":10,"column":null}},"4":{"start":{"line":10,"column":18},"end":{"line":10,"column":null}},"5":{"start":{"line":11,"column":10},"end":{"line":11,"column":null}},"6":{"start":{"line":12,"column":21},"end":{"line":12,"column":null}},"7":{"start":{"line":13,"column":4},"end":{"line":13,"column":null}},"8":{"start":{"line":14,"column":4},"end":{"line":14,"column":null}},"9":{"start":{"line":18,"column":21},"end":{"line":18,"column":null}},"10":{"start":{"line":19,"column":4},"end":{"line":19,"column":null}},"11":{"start":{"line":19,"column":19},"end":{"line":19,"column":null}},"12":{"start":{"line":20,"column":4},"end":{"line":20,"column":null}},"13":{"start":{"line":24,"column":21},"end":{"line":24,"column":null}},"14":{"start":{"line":25,"column":4},"end":{"line":25,"column":null}},"15":{"start":{"line":25,"column":19},"end":{"line":25,"column":null}},"16":{"start":{"line":26,"column":4},"end":{"line":26,"column":null}},"17":{"start":{"line":26,"column":33},"end":{"line":26,"column":null}},"18":{"start":{"line":27,"column":4},"end":{"line":27,"column":null}},"19":{"start":{"line":27,"column":32},"end":{"line":27,"column":null}},"20":{"start":{"line":28,"column":4},"end":{"line":28,"column":null}},"21":{"start":{"line":28,"column":37},"end":{"line":28,"column":null}},"22":{"start":{"line":29,"column":4},"end":{"line":29,"column":null}},"23":{"start":{"line":30,"column":4},"end":{"line":30,"column":null}},"24":{"start":{"line":34,"column":4},"end":{"line":36,"column":null}},"25":{"start":{"line":35,"column":19},"end":{"line":35,"column":80}},"26":{"start":{"line":36,"column":16},"end":{"line":36,"column":26}},"27":{"start":{"line":40,"column":21},"end":{"line":40,"column":null}},"28":{"start":{"line":41,"column":4},"end":{"line":41,"column":null}},"29":{"start":{"line":41,"column":19},"end":{"line":41,"column":null}},"30":{"start":{"line":42,"column":4},"end":{"line":45,"column":null}},"31":{"start":{"line":43,"column":6},"end":{"line":43,"column":null}},"32":{"start":{"line":44,"column":6},"end":{"line":44,"column":null}}},"fnMap":{"0":{"name":"registerEducator","decl":{"start":{"line":8,"column":2},"end":{"line":8,"column":19}},"loc":{"start":{"line":8,"column":109},"end":{"line":15,"column":null}},"line":8},"1":{"name":"(anonymous_1)","decl":{"start":{"line":9,"column":58},"end":{"line":9,"column":63}},"loc":{"start":{"line":9,"column":63},"end":{"line":9,"column":80}},"line":9},"2":{"name":"getEducator","decl":{"start":{"line":17,"column":2},"end":{"line":17,"column":14}},"loc":{"start":{"line":17,"column":37},"end":{"line":21,"column":null}},"line":17},"3":{"name":"updateEducator","decl":{"start":{"line":23,"column":2},"end":{"line":23,"column":17}},"loc":{"start":{"line":23,"column":101},"end":{"line":31,"column":null}},"line":23},"4":{"name":"listEducators","decl":{"start":{"line":33,"column":2},"end":{"line":33,"column":16}},"loc":{"start":{"line":33,"column":54},"end":{"line":37,"column":null}},"line":33},"5":{"name":"(anonymous_5)","decl":{"start":{"line":35,"column":14},"end":{"line":35,"column":19}},"loc":{"start":{"line":35,"column":19},"end":{"line":35,"column":80}},"line":35},"6":{"name":"(anonymous_6)","decl":{"start":{"line":36,"column":11},"end":{"line":36,"column":16}},"loc":{"start":{"line":36,"column":16},"end":{"line":36,"column":26}},"line":36},"7":{"name":"assignToOrganization","decl":{"start":{"line":39,"column":2},"end":{"line":39,"column":23}},"loc":{"start":{"line":39,"column":73},"end":{"line":46,"column":null}},"line":39}},"branchMap":{"0":{"loc":{"start":{"line":10,"column":4},"end":{"line":10,"column":null}},"type":"if","locations":[{"start":{"line":10,"column":4},"end":{"line":10,"column":null}},{"start":{},"end":{}}],"line":10},"1":{"loc":{"start":{"line":19,"column":4},"end":{"line":19,"column":null}},"type":"if","locations":[{"start":{"line":19,"column":4},"end":{"line":19,"column":null}},{"start":{},"end":{}}],"line":19},"2":{"loc":{"start":{"line":25,"column":4},"end":{"line":25,"column":null}},"type":"if","locations":[{"start":{"line":25,"column":4},"end":{"line":25,"column":null}},{"start":{},"end":{}}],"line":25},"3":{"loc":{"start":{"line":26,"column":4},"end":{"line":26,"column":null}},"type":"if","locations":[{"start":{"line":26,"column":4},"end":{"line":26,"column":null}},{"start":{},"end":{}}],"line":26},"4":{"loc":{"start":{"line":27,"column":4},"end":{"line":27,"column":null}},"type":"if","locations":[{"start":{"line":27,"column":4},"end":{"line":27,"column":null}},{"start":{},"end":{}}],"line":27},"5":{"loc":{"start":{"line":28,"column":4},"end":{"line":28,"column":null}},"type":"if","locations":[{"start":{"line":28,"column":4},"end":{"line":28,"column":null}},{"start":{},"end":{}}],"line":28},"6":{"loc":{"start":{"line":35,"column":19},"end":{"line":35,"column":80}},"type":"binary-expr","locations":[{"start":{"line":35,"column":19},"end":{"line":35,"column":38}},{"start":{"line":35,"column":38},"end":{"line":35,"column":80}}],"line":35},"7":{"loc":{"start":{"line":41,"column":4},"end":{"line":41,"column":null}},"type":"if","locations":[{"start":{"line":41,"column":4},"end":{"line":41,"column":null}},{"start":{},"end":{}}],"line":41},"8":{"loc":{"start":{"line":42,"column":4},"end":{"line":45,"column":null}},"type":"if","locations":[{"start":{"line":42,"column":4},"end":{"line":45,"column":null}},{"start":{},"end":{}}],"line":42}},"s":{"0":16,"1":11,"2":2,"3":11,"4":1,"5":10,"6":10,"7":10,"8":10,"9":4,"10":4,"11":1,"12":3,"13":1,"14":1,"15":0,"16":1,"17":0,"18":1,"19":1,"20":1,"21":0,"22":1,"23":1,"24":2,"25":4,"26":3,"27":6,"28":6,"29":0,"30":6,"31":5,"32":5},"f":{"0":11,"1":2,"2":4,"3":1,"4":2,"5":4,"6":3,"7":6},"b":{"0":[1,10],"1":[1,3],"2":[0,1],"3":[0,1],"4":[1,0],"5":[0,1],"6":[4,2],"7":[0,6],"8":[5,1]},"meta":{"lastBranch":9,"lastFunction":8,"lastStatement":33,"seen":{"s:6:18:6:Infinity":0,"f:8:2:8:19":0,"s:9:21:9:Infinity":1,"f:9:58:9:63":1,"s:9:63:9:80":2,"b:10:4:10:Infinity:undefined:undefined:undefined:undefined":0,"s:10:4:10:Infinity":3,"s:10:18:10:Infinity":4,"s:11:10:11:Infinity":5,"s:12:21:12:Infinity":6,"s:13:4:13:Infinity":7,"s:14:4:14:Infinity":8,"f:17:2:17:14":2,"s:18:21:18:Infinity":9,"b:19:4:19:Infinity:undefined:undefined:undefined:undefined":1,"s:19:4:19:Infinity":10,"s:19:19:19:Infinity":11,"s:20:4:20:Infinity":12,"f:23:2:23:17":3,"s:24:21:24:Infinity":13,"b:25:4:25:Infinity:undefined:undefined:undefined:undefined":2,"s:25:4:25:Infinity":14,"s:25:19:25:Infinity":15,"b:26:4:26:Infinity:undefined:undefined:undefined:undefined":3,"s:26:4:26:Infinity":16,"s:26:33:26:Infinity":17,"b:27:4:27:Infinity:undefined:undefined:undefined:undefined":4,"s:27:4:27:Infinity":18,"s:27:32:27:Infinity":19,"b:28:4:28:Infinity:undefined:undefined:undefined:undefined":5,"s:28:4:28:Infinity":20,"s:28:37:28:Infinity":21,"s:29:4:29:Infinity":22,"s:30:4:30:Infinity":23,"f:33:2:33:16":4,"s:34:4:36:Infinity":24,"f:35:14:35:19":5,"s:35:19:35:80":25,"b:35:19:35:38:35:38:35:80":6,"f:36:11:36:16":6,"s:36:16:36:26":26,"f:39:2:39:23":7,"s:40:21:40:Infinity":27,"b:41:4:41:Infinity:undefined:undefined:undefined:undefined":7,"s:41:4:41:Infinity":28,"s:41:19:41:Infinity":29,"b:42:4:45:Infinity:undefined:undefined:undefined:undefined":8,"s:42:4:45:Infinity":30,"s:43:6:43:Infinity":31,"s:44:6:44:Infinity":32},"fnNames":{}}}
,"/home/runner/work/unibud/unibud/src/education/services/shared/enrollment.service.ts": {"path":"/home/runner/work/unibud/unibud/src/education/services/shared/enrollment.service.ts","statementMap":{"0":{"start":{"line":6,"column":18},"end":{"line":6,"column":null}},"1":{"start":{"line":9,"column":21},"end":{"line":11,"column":null}},"2":{"start":{"line":10,"column":11},"end":{"line":10,"column":null}},"3":{"start":{"line":12,"column":4},"end":{"line":12,"column":null}},"4":{"start":{"line":12,"column":18},"end":{"line":12,"column":null}},"5":{"start":{"line":13,"column":10},"end":{"line":13,"column":null}},"6":{"start":{"line":14,"column":23},"end":{"line":14,"column":null}},"7":{"start":{"line":15,"column":4},"end":{"line":15,"column":null}},"8":{"start":{"line":16,"column":4},"end":{"line":16,"column":null}},"9":{"start":{"line":20,"column":23},"end":{"line":20,"column":null}},"10":{"start":{"line":21,"column":4},"end":{"line":21,"column":null}},"11":{"start":{"line":21,"column":21},"end":{"line":21,"column":null}},"12":{"start":{"line":22,"column":4},"end":{"line":22,"column":null}},"13":{"start":{"line":26,"column":4},"end":{"line":28,"column":null}},"14":{"start":{"line":27,"column":14},"end":{"line":27,"column":99}},"15":{"start":{"line":28,"column":16},"end":{"line":28,"column":26}},"16":{"start":{"line":32,"column":23},"end":{"line":34,"column":null}},"17":{"start":{"line":33,"column":11},"end":{"line":33,"column":null}},"18":{"start":{"line":35,"column":4},"end":{"line":35,"column":null}},"19":{"start":{"line":35,"column":21},"end":{"line":35,"column":null}},"20":{"start":{"line":36,"column":4},"end":{"line":36,"column":null}},"21":{"start":{"line":37,"column":4},"end":{"line":37,"column":null}},"22":{"start":{"line":41,"column":23},"end":{"line":41,"column":null}},"23":{"start":{"line":42,"column":4},"end":{"line":42,"column":null}},"24":{"start":{"line":42,"column":21},"end":{"line":42,"column":null}},"25":{"start":{"line":43,"column":4},"end":{"line":43,"column":null}},"26":{"start":{"line":43,"column":43},"end":{"line":43,"column":null}},"27":{"start":{"line":44,"column":4},"end":{"line":44,"column":null}},"28":{"start":{"line":45,"column":4},"end":{"line":45,"column":null}}},"fnMap":{"0":{"name":"enrollInClass","decl":{"start":{"line":8,"column":2},"end":{"line":8,"column":16}},"loc":{"start":{"line":8,"column":101},"end":{"line":17,"column":null}},"line":8},"1":{"name":"(anonymous_1)","decl":{"start":{"line":10,"column":6},"end":{"line":10,"column":11}},"loc":{"start":{"line":10,"column":11},"end":{"line":10,"column":null}},"line":10},"2":{"name":"getEnrollment","decl":{"start":{"line":19,"column":2},"end":{"line":19,"column":16}},"loc":{"start":{"line":19,"column":41},"end":{"line":23,"column":null}},"line":19},"3":{"name":"listEnrollments","decl":{"start":{"line":25,"column":2},"end":{"line":25,"column":18}},"loc":{"start":{"line":25,"column":71},"end":{"line":29,"column":null}},"line":25},"4":{"name":"(anonymous_4)","decl":{"start":{"line":27,"column":14},"end":{"line":27,"column":20}},"loc":{"start":{"line":27,"column":14},"end":{"line":27,"column":99}},"line":27},"5":{"name":"(anonymous_5)","decl":{"start":{"line":28,"column":11},"end":{"line":28,"column":16}},"loc":{"start":{"line":28,"column":16},"end":{"line":28,"column":26}},"line":28},"6":{"name":"withdrawFromClass","decl":{"start":{"line":31,"column":2},"end":{"line":31,"column":20}},"loc":{"start":{"line":31,"column":62},"end":{"line":38,"column":null}},"line":31},"7":{"name":"(anonymous_7)","decl":{"start":{"line":33,"column":6},"end":{"line":33,"column":11}},"loc":{"start":{"line":33,"column":11},"end":{"line":33,"column":null}},"line":33},"8":{"name":"approveEnrollment","decl":{"start":{"line":40,"column":2},"end":{"line":40,"column":20}},"loc":{"start":{"line":40,"column":48},"end":{"line":46,"column":null}},"line":40}},"branchMap":{"0":{"loc":{"start":{"line":10,"column":11},"end":{"line":10,"column":null}},"type":"binary-expr","locations":[{"start":{"line":10,"column":11},"end":{"line":10,"column":40}},{"start":{"line":10,"column":40},"end":{"line":10,"column":65}},{"start":{"line":10,"column":65},"end":{"line":10,"column":null}}],"line":10},"1":{"loc":{"start":{"line":12,"column":4},"end":{"line":12,"column":null}},"type":"if","locations":[{"start":{"line":12,"column":4},"end":{"line":12,"column":null}},{"start":{},"end":{}}],"line":12},"2":{"loc":{"start":{"line":21,"column":4},"end":{"line":21,"column":null}},"type":"if","locations":[{"start":{"line":21,"column":4},"end":{"line":21,"column":null}},{"start":{},"end":{}}],"line":21},"3":{"loc":{"start":{"line":27,"column":14},"end":{"line":27,"column":99}},"type":"binary-expr","locations":[{"start":{"line":27,"column":20},"end":{"line":27,"column":34}},{"start":{"line":27,"column":34},"end":{"line":27,"column":65}},{"start":{"line":27,"column":65},"end":{"line":27,"column":77}},{"start":{"line":27,"column":77},"end":{"line":27,"column":99}}],"line":27},"4":{"loc":{"start":{"line":33,"column":11},"end":{"line":33,"column":null}},"type":"binary-expr","locations":[{"start":{"line":33,"column":11},"end":{"line":33,"column":40}},{"start":{"line":33,"column":40},"end":{"line":33,"column":65}},{"start":{"line":33,"column":65},"end":{"line":33,"column":null}}],"line":33},"5":{"loc":{"start":{"line":35,"column":4},"end":{"line":35,"column":null}},"type":"if","locations":[{"start":{"line":35,"column":4},"end":{"line":35,"column":null}},{"start":{},"end":{}}],"line":35},"6":{"loc":{"start":{"line":42,"column":4},"end":{"line":42,"column":null}},"type":"if","locations":[{"start":{"line":42,"column":4},"end":{"line":42,"column":null}},{"start":{},"end":{}}],"line":42},"7":{"loc":{"start":{"line":43,"column":4},"end":{"line":43,"column":null}},"type":"if","locations":[{"start":{"line":43,"column":4},"end":{"line":43,"column":null}},{"start":{},"end":{}}],"line":43}},"s":{"0":18,"1":13,"2":5,"3":13,"4":1,"5":12,"6":12,"7":12,"8":12,"9":4,"10":4,"11":1,"12":3,"13":3,"14":7,"15":5,"16":4,"17":3,"18":4,"19":1,"20":3,"21":3,"22":3,"23":3,"24":0,"25":3,"26":1,"27":2,"28":2},"f":{"0":13,"1":5,"2":4,"3":3,"4":7,"5":5,"6":4,"7":3,"8":3},"b":{"0":[5,3,2],"1":[1,12],"2":[1,3],"3":[7,4,6,3],"4":[3,3,3],"5":[1,3],"6":[0,3],"7":[1,2]},"meta":{"lastBranch":8,"lastFunction":9,"lastStatement":29,"seen":{"s:6:18:6:Infinity":0,"f:8:2:8:16":0,"s:9:21:11:Infinity":1,"f:10:6:10:11":1,"s:10:11:10:Infinity":2,"b:10:11:10:40:10:40:10:65:10:65:10:Infinity":0,"b:12:4:12:Infinity:undefined:undefined:undefined:undefined":1,"s:12:4:12:Infinity":3,"s:12:18:12:Infinity":4,"s:13:10:13:Infinity":5,"s:14:23:14:Infinity":6,"s:15:4:15:Infinity":7,"s:16:4:16:Infinity":8,"f:19:2:19:16":2,"s:20:23:20:Infinity":9,"b:21:4:21:Infinity:undefined:undefined:undefined:undefined":2,"s:21:4:21:Infinity":10,"s:21:21:21:Infinity":11,"s:22:4:22:Infinity":12,"f:25:2:25:18":3,"s:26:4:28:Infinity":13,"f:27:14:27:20":4,"s:27:14:27:99":14,"b:27:20:27:34:27:34:27:65:27:65:27:77:27:77:27:99":3,"f:28:11:28:16":5,"s:28:16:28:26":15,"f:31:2:31:20":6,"s:32:23:34:Infinity":16,"f:33:6:33:11":7,"s:33:11:33:Infinity":17,"b:33:11:33:40:33:40:33:65:33:65:33:Infinity":4,"b:35:4:35:Infinity:undefined:undefined:undefined:undefined":5,"s:35:4:35:Infinity":18,"s:35:21:35:Infinity":19,"s:36:4:36:Infinity":20,"s:37:4:37:Infinity":21,"f:40:2:40:20":8,"s:41:23:41:Infinity":22,"b:42:4:42:Infinity:undefined:undefined:undefined:undefined":6,"s:42:4:42:Infinity":23,"s:42:21:42:Infinity":24,"b:43:4:43:Infinity:undefined:undefined:undefined:undefined":7,"s:43:4:43:Infinity":25,"s:43:43:43:Infinity":26,"s:44:4:44:Infinity":27,"s:45:4:45:Infinity":28},"fnNames":{}}}
[...]
ous_5)","decl":{"start":{"line":35,"column":11},"end":{"line":35,"column":16}},"loc":{"start":{"line":35,"column":16},"end":{"line":35,"column":26}},"line":35},"6":{"name":"deleteFaculty","decl":{"start":{"line":38,"column":2},"end":{"line":38,"column":16}},"loc":{"start":{"line":38,"column":34},"end":{"line":41,"column":null}},"line":38},"7":{"name":"addDepartment","decl":{"start":{"line":43,"column":2},"end":{"line":43,"column":16}},"loc":{"start":{"line":43,"column":63},"end":{"line":50,"column":null}},"line":43}},"branchMap":{"0":{"loc":{"start":{"line":17,"column":4},"end":{"line":17,"column":null}},"type":"if","locations":[{"start":{"line":17,"column":4},"end":{"line":17,"column":null}},{"start":{},"end":{}}],"line":17},"1":{"loc":{"start":{"line":23,"column":4},"end":{"line":23,"column":null}},"type":"if","locations":[{"start":{"line":23,"column":4},"end":{"line":23,"column":null}},{"start":{},"end":{}}],"line":23},"2":{"loc":{"start":{"line":24,"column":4},"end":{"line":24,"column":null}},"type":"if","locations":[{"start":{"line":24,"column":4},"end":{"line":24,"column":null}},{"start":{},"end":{}}],"line":24},"3":{"loc":{"start":{"line":25,"column":4},"end":{"line":25,"column":null}},"type":"if","locations":[{"start":{"line":25,"column":4},"end":{"line":25,"column":null}},{"start":{},"end":{}}],"line":25},"4":{"loc":{"start":{"line":26,"column":4},"end":{"line":26,"column":null}},"type":"if","locations":[{"start":{"line":26,"column":4},"end":{"line":26,"column":null}},{"start":{},"end":{}}],"line":26},"5":{"loc":{"start":{"line":27,"column":4},"end":{"line":27,"column":null}},"type":"if","locations":[{"start":{"line":27,"column":4},"end":{"line":27,"column":null}},{"start":{},"end":{}}],"line":27},"6":{"loc":{"start":{"line":34,"column":19},"end":{"line":34,"column":67}},"type":"binary-expr","locations":[{"start":{"line":34,"column":19},"end":{"line":34,"column":36}},{"start":{"line":34,"column":36},"end":{"line":34,"column":67}}],"line":34},"7":{"loc":{"start":{"line":39,"column":4},"end":{"line":39,"column":null}},"type":"if","locations":[{"start":{"line":39,"column":4},"end":{"line":39,"column":null}},{"start":{},"end":{}}],"line":39},"8":{"loc":{"start":{"line":45,"column":4},"end":{"line":45,"column":null}},"type":"if","locations":[{"start":{"line":45,"column":4},"end":{"line":45,"column":null}},{"start":{},"end":{}}],"line":45},"9":{"loc":{"start":{"line":46,"column":4},"end":{"line":49,"column":null}},"type":"if","locations":[{"start":{"line":46,"column":4},"end":{"line":49,"column":null}},{"start":{},"end":{}}],"line":46}},"s":{"0":13,"1":8,"2":8,"3":8,"4":8,"5":3,"6":3,"7":1,"8":2,"9":0,"10":0,"11":0,"12":0,"13":0,"14":0,"15":0,"16":0,"17":0,"18":0,"19":0,"20":0,"21":0,"22":3,"23":6,"24":3,"25":1,"26":0,"27":1,"28":2,"29":2,"30":0,"31":2,"32":2,"33":2},"f":{"0":8,"1":3,"2":0,"3":3,"4":6,"5":3,"6":1,"7":2},"b":{"0":[1,2],"1":[0,0],"2":[0,0],"3":[0,0],"4":[0,0],"5":[0,0],"6":[6,6],"7":[0,1],"8":[0,2],"9":[2,0]},"meta":{"lastBranch":10,"lastFunction":8,"lastStatement":34,"seen":{"s:6:18:6:Infinity":0,"f:8:2:8:16":0,"s:9:10:9:Infinity":1,"s:10:20:10:Infinity":2,"s:11:4:11:Infinity":3,"s:12:4:12:Infinity":4,"f:15:2:15:13":1,"s:16:20:16:Infinity":5,"b:17:4:17:Infinity:undefined:undefined:undefined:undefined":0,"s:17:4:17:Infinity":6,"s:17:18:17:Infinity":7,"s:18:4:18:Infinity":8,"f:21:2:21:16":2,"s:22:20:22:Infinity":9,"b:23:4:23:Infinity:undefined:undefined:undefined:undefined":1,"s:23:4:23:Infinity":10,"s:23:18:23:Infinity":11,"b:24:4:24:Infinity:undefined:undefined:undefined:undefined":2,"s:24:4:24:Infinity":12,"s:24:33:24:Infinity":13,"b:25:4:25:Infinity:undefined:undefined:undefined:undefined":3,"s:25:4:25:Infinity":14,"s:25:33:25:Infinity":15,"b:26:4:26:Infinity:undefined:undefined:undefined:undefined":4,"s:26:4:26:Infinity":16,"s:26:40:26:Infinity":17,"b:27:4:27:Infinity:undefined:undefined:undefined:undefined":5,"s:27:4:27:Infinity":18,"s:27:37:27:Infinity":19,"s:28:4:28:Infinity":20,"s:29:4:29:Infinity":21,"f:32:2:32:16":3,"s:33:4:35:Infinity":22,"f:34:14:34:19":4,"s:34:19:34:67":23,"b:34:19:34:36:34:36:34:67":6,"f:35:11:35:16":5,"s:35:16:35:26":24,"f:38:2:38:16":6,"b:39:4:39:Infinity:undefined:undefined:undefined:undefined":7,"s:39:4:39:Infinity":25,"s:39:29:39:Infinity":26,"s:40:4:40:Infinity":27,"f:43:2:43:16":7,"s:44:20:44:Infinity":28,"b:45:4:45:Infinity:undefined:undefined:undefined:undefined":8,"s:45:4:45:Infinity":29,"s:45:18:45:Infinity":30,"b:46:4:49:Infinity:undefined:undefined:undefined:undefined":9,"s:46:4:49:Infinity":31,"s:47:6:47:Infinity":32,"s:48:6:48:Infinity":33},"fnNames":{}}}
,"/home/runner/work/unibud/unibud/src/education/services/university/university-student.service.ts": {"path":"/home/runner/work/unibud/unibud/src/education/services/university/university-student.service.ts","statementMap":{"0":{"start":{"line":6,"column":18},"end":{"line":6,"column":null}},"1":{"start":{"line":17,"column":10},"end":{"line":17,"column":null}},"2":{"start":{"line":18,"column":20},"end":{"line":28,"column":null}},"3":{"start":{"line":29,"column":4},"end":{"line":29,"column":null}},"4":{"start":{"line":30,"column":4},"end":{"line":30,"column":null}},"5":{"start":{"line":34,"column":20},"end":{"line":34,"column":null}},"6":{"start":{"line":35,"column":4},"end":{"line":35,"column":null}},"7":{"start":{"line":35,"column":18},"end":{"line":35,"column":null}},"8":{"start":{"line":36,"column":4},"end":{"line":36,"column":null}},"9":{"start":{"line":40,"column":20},"end":{"line":40,"column":null}},"10":{"start":{"line":41,"column":4},"end":{"line":41,"column":null}},"11":{"start":{"line":41,"column":18},"end":{"line":41,"column":null}},"12":{"start":{"line":42,"column":4},"end":{"line":42,"column":null}},"13":{"start":{"line":42,"column":48},"end":{"line":42,"column":null}},"14":{"start":{"line":43,"column":4},"end":{"line":43,"column":null}},"15":{"start":{"line":43,"column":34},"end":{"line":43,"column":null}},"16":{"start":{"line":44,"column":4},"end":{"line":44,"column":null}},"17":{"start":{"line":44,"column":37},"end":{"line":44,"column":null}},"18":{"start":{"line":45,"column":4},"end":{"line":45,"column":null}},"19":{"start":{"line":46,"column":4},"end":{"line":46,"column":null}},"20":{"start":{"line":50,"column":4},"end":{"line":56,"column":null}},"21":{"start":{"line":51,"column":14},"end":{"line":54,"column":null}},"22":{"start":{"line":56,"column":16},"end":{"line":56,"column":26}},"23":{"start":{"line":60,"column":20},"end":{"line":60,"column":null}},"24":{"start":{"line":61,"column":4},"end":{"line":61,"column":null}},"25":{"start":{"line":61,"column":18},"end":{"line":61,"column":null}},"26":{"start":{"line":62,"column":4},"end":{"line":62,"column":null}},"27":{"start":{"line":63,"column":4},"end":{"line":63,"column":null}},"28":{"start":{"line":67,"column":20},"end":{"line":67,"column":null}},"29":{"start":{"line":68,"column":4},"end":{"line":68,"column":null}},"30":{"start":{"line":68,"column":18},"end":{"line":68,"column":null}},"31":{"start":{"line":69,"column":4},"end":{"line":69,"column":null}},"32":{"start":{"line":70,"column":4},"end":{"line":70,"column":null}}},"fnMap":{"0":{"name":"enrollStudent","decl":{"start":{"line":8,"column":2},"end":{"line":8,"column":null}},"loc":{"start":{"line":16,"column":24},"end":{"line":31,"column":null}},"line":16},"1":{"name":"getStudent","decl":{"start":{"line":33,"column":2},"end":{"line":33,"column":13}},"loc":{"start":{"line":33,"column":45},"end":{"line":37,"column":null}},"line":33},"2":{"name":"updateStudent","decl":{"start":{"line":39,"column":2},"end":{"line":39,"column":16}},"loc":{"start":{"line":39,"column":135},"end":{"line":47,"column":null}},"line":39},"3":{"name":"listStudents","decl":{"start":{"line":49,"column":2},"end":{"line":49,"column":15}},"loc":{"start":{"line":49,"column":102},"end":{"line":57,"column":null}},"line":49},"4":{"name":"(anonymous_4)","decl":{"start":{"line":51,"column":14},"end":{"line":51,"column":null}},"loc":{"start":{"line":51,"column":14},"end":{"line":54,"column":null}},"line":51},"5":{"name":"(anonymous_5)","decl":{"start":{"line":56,"column":11},"end":{"line":56,"column":16}},"loc":{"start":{"line":56,"column":16},"end":{"line":56,"column":26}},"line":56},"6":{"name":"activateStudent","decl":{"start":{"line":59,"column":2},"end":{"line":59,"column":18}},"loc":{"start":{"line":59,"column":36},"end":{"line":64,"column":null}},"line":59},"7":{"name":"deactivateStudent","decl":{"start":{"line":66,"column":2},"end":{"line":66,"column":20}},"loc":{"start":{"line":66,"column":38},"end":{"line":71,"column":null}},"line":66}},"branchMap":{"0":{"loc":{"start":{"line":35,"column":4},"end":{"line":35,"column":null}},"type":"if","locations":[{"start":{"line":35,"column":4},"end":{"line":35,"column":null}},{"start":{},"end":{}}],"line":35},"1":{"loc":{"start":{"line":41,"column":4},"end":{"line":41,"column":null}},"type":"if","locations":[{"start":{"line":41,"column":4},"end":{"line":41,"column":null}},{"start":{},"end":{}}],"line":41},"2":{"loc":{"start":{"line":42,"column":4},"end":{"line":42,"column":null}},"type":"if","locations":[{"start":{"line":42,"column":4},"end":{"line":42,"column":null}},{"start":{},"end":{}}],"line":42},"3":{"loc":{"start":{"line":43,"column":4},"end":{"line":43,"column":null}},"type":"if","locations":[{"start":{"line":43,"column":4},"end":{"line":43,"column":null}},{"start":{},"end":{}}],"line":43},"4":{"loc":{"start":{"line":44,"column":4},"end":{"line":44,"column":null}},"type":"if","locations":[{"start":{"line":44,"column":4},"end":{"line":44,"column":null}},{"start":{},"end":{}}],"line":44},"5":{"loc":{"start":{"line":51,"column":14},"end":{"line":54,"column":null}},"type":"binary-expr","locations":[{"start":{"line":52,"column":9},"end":{"line":52,"column":26}},{"start":{"line":52,"column":26},"end":{"line":52,"column":null}},{"start":{"line":53,"column":9},"end":{"line":53,"column":26}},{"start":{"line":53,"column":26},"end":{"line":53,"column":null}},{"start":{"line":54,"column":9},"end":{"line":54,"column":22}},{"start":{"line":54,"column":22},"end":{"line":54,"column":null}}],"line":51},"6":{"loc":{"start":{"line":61,"column":4},"end":{"line":61,"column":null}},"type":"if","locations":[{"start":{"line":61,"column":4},"end":{"line":61,"column":null}},{"start":{},"end":{}}],"line":61},"7":{"loc":{"start":{"line":68,"column":4},"end":{"line":68,"column":null}},"type":"if","locations":[{"start":{"line":68,"column":4},"end":{"line":68,"column":null}},{"start":{},"end":{}}],"line":68}},"s":{"0":12,"1":6,"2":6,"3":6,"4":6,"5":3,"6":3,"7":1,"8":2,"9":0,"10":0,"11":0,"12":0,"13":0,"14":0,"15":0,"16":0,"17":0,"18":0,"19":0,"20":3,"21":9,"22":5,"23":1,"24":1,"25":0,"26":1,"27":1,"28":1,"29":1,"30":0,"31":1,"32":1},"f":{"0":6,"1":3,"2":0,"3":3,"4":9,"5":5,"6":1,"7":1},"b":{"0":[1,2],"1":[0,0],"2":[0,0],"3":[0,0],"4":[0,0],"5":[9,3,8,3,7,3],"6":[0,1],"7":[0,1]},"meta":{"lastBranch":8,"lastFunction":8,"lastStatement":33,"seen":{"s:6:18:6:Infinity":0,"f:8:2:8:Infinity":0,"s:17:10:17:Infinity":1,"s:18:20:28:Infinity":2,"s:29:4:29:Infinity":3,"s:30:4:30:Infinity":4,"f:33:2:33:13":1,"s:34:20:34:Infinity":5,"b:35:4:35:Infinity:undefined:undefined:undefined:undefined":0,"s:35:4:35:Infinity":6,"s:35:18:35:Infinity":7,"s:36:4:36:Infinity":8,"f:39:2:39:16":2,"s:40:20:40:Infinity":9,"b:41:4:41:Infinity:undefined:undefined:undefined:undefined":1,"s:41:4:41:Infinity":10,"s:41:18:41:Infinity":11,"b:42:4:42:Infinity:undefined:undefined:undefined:undefined":2,"s:42:4:42:Infinity":12,"s:42:48:42:Infinity":13,"b:43:4:43:Infinity:undefined:undefined:undefined:undefined":3,"s:43:4:43:Infinity":14,"s:43:34:43:Infinity":15,"b:44:4:44:Infinity:undefined:undefined:undefined:undefined":4,"s:44:4:44:Infinity":16,"s:44:37:44:Infinity":17,"s:45:4:45:Infinity":18,"s:46:4:46:Infinity":19,"f:49:2:49:15":3,"s:50:4:56:Infinity":20,"f:51:14:51:Infinity":4,"s:51:14:54:Infinity":21,"b:52:9:52:26:52:26:52:Infinity:53:9:53:26:53:26:53:Infinity:54:9:54:22:54:22:54:Infinity":5,"f:56:11:56:16":5,"s:56:16:56:26":22,"f:59:2:59:18":6,"s:60:20:60:Infinity":23,"b:61:4:61:Infinity:undefined:undefined:undefined:undefined":6,"s:61:4:61:Infinity":24,"s:61:18:61:Infinity":25,"s:62:4:62:Infinity":26,"s:63:4:63:Infinity":27,"f:66:2:66:20":7,"s:67:20:67:Infinity":28,"b:68:4:68:Infinity:undefined:undefined:undefined:undefined":7,"s:68:4:68:Infinity":29,"s:68:18:68:Infinity":30,"s:69:4:69:Infinity":31,"s:70:4:70:Infinity":32},"fnNames":{}}}
,"/home/runner/work/unibud/unibud/src/education/services/university/university.service.ts": {"path":"/home/runner/work/unibud/unibud/src/education/services/university/university.service.ts","statementMap":{"0":{"start":{"line":6,"column":18},"end":{"line":6,"column":null}},"1":{"start":{"line":9,"column":10},"end":{"line":9,"column":null}},"2":{"start":{"line":10,"column":23},"end":{"line":10,"column":null}},"3":{"start":{"line":11,"column":4},"end":{"line":11,"column":null}},"4":{"start":{"line":12,"column":4},"end":{"line":12,"column":null}},"5":{"start":{"line":16,"column":23},"end":{"line":16,"column":null}},"6":{"start":{"line":17,"column":4},"end":{"line":17,"column":null}},"7":{"start":{"line":17,"column":21},"end":{"line":17,"column":null}},"8":{"start":{"line":18,"column":4},"end":{"line":18,"column":null}},"9":{"start":{"line":22,"column":23},"end":{"line":22,"column":null}},"10":{"start":{"line":23,"column":4},"end":{"line":23,"column":null}},"11":{"start":{"line":23,"column":21},"end":{"line":23,"column":null}},"12":{"start":{"line":24,"column":4},"end":{"line":24,"column":null}},"13":{"start":{"line":24,"column":33},"end":{"line":24,"column":null}},"14":{"start":{"line":25,"column":4},"end":{"line":25,"column":null}},"15":{"start":{"line":25,"column":33},"end":{"line":25,"column":null}},"16":{"start":{"line":26,"column":4},"end":{"line":26,"column":null}},"17":{"start":{"line":26,"column":40},"end":{"line":26,"column":null}},"18":{"start":{"line":27,"column":4},"end":{"line":27,"column":null}},"19":{"start":{"line":27,"column":37},"end":{"line":27,"column":null}},"20":{"start":{"line":28,"column":4},"end":{"line":28,"column":null}},"21":{"start":{"line":29,"column":4},"end":{"line":29,"column":null}},"22":{"start":{"line":33,"column":4},"end":{"line":33,"column":null}},"23":{"start":{"line":33,"column":52},"end":{"line":33,"column":62}},"24":{"start":{"line":37,"column":4},"end":{"line":37,"column":null}},"25":{"start":{"line":37,"column":29},"end":{"line":37,"column":null}},"26":{"start":{"line":38,"column":4},"end":{"line":38,"column":null}},"27":{"start":{"line":42,"column":23},"end":{"line":42,"column":null}},"28":{"start":{"line":43,"column":4},"end":{"line":43,"column":null}},"29":{"start":{"line":43,"column":21},"end":{"line":43,"column":null}},"30":{"start":{"line":44,"column":4},"end":{"line":47,"column":null}},"31":{"start":{"line":45,"column":6},"end":{"line":45,"column":null}},"32":{"start":{"line":46,"column":6},"end":{"line":46,"column":null}}},"fnMap":{"0":{"name":"createUniversity","decl":{"start":{"line":8,"column":2},"end":{"line":8,"column":19}},"loc":{"start":{"line":8,"column":118},"end":{"line":13,"column":null}},"line":8},"1":{"name":"getUniversity","decl":{"start":{"line":15,"column":2},"end":{"line":15,"column":16}},"loc":{"start":{"line":15,"column":41},"end":{"line":19,"column":null}},"line":15},"2":{"name":"updateUniversity","decl":{"start":{"line":21,"column":2},"end":{"line":21,"column":19}},"loc":{"start":{"line":21,"column":124},"end":{"line":30,"column":null}},"line":21},"3":{"name":"listUniversities","decl":{"start":{"line":32,"column":2},"end":{"line":32,"column":36}},"loc":{"start":{"line":32,"column":36},"end":{"line":34,"column":null}},"line":32},"4":{"name":"(anonymous_4)","decl":{"start":{"line":33,"column":47},"end":{"line":33,"column":52}},"loc":{"start":{"line":33,"column":52},"end":{"line":33,"column":62}},"line":33},"5":{"name":"deleteUniversity","decl":{"start":{"line":36,"column":2},"end":{"line":36,"column":19}},"loc":{"start":{"line":36,"column":37},"end":{"line":39,"column":null}},"line":36},"6":{"name":"addFaculty","decl":{"start":{"line":41,"column":2},"end":{"line":41,"column":13}},"loc":{"start":{"line":41,"column":60},"end":{"line":48,"column":null}},"line":41}},"branchMap":{"0":{"loc":{"start":{"line":17,"column":4},"end":{"line":17,"column":null}},"type":"if","locations":[{"start":{"line":17,"column":4},"end":{"line":17,"column":null}},{"start":{},"end":{}}],"line":17},"1":{"loc":{"start":{"line":23,"column":4},"end":{"line":23,"column":null}},"type":"if","locations":[{"start":{"line":23,"column":4},"end":{"line":23,"column":null}},{"start":{},"end":{}}],"line":23},"2":{"loc":{"start":{"line":24,"column":4},"end":{"line":24,"column":null}},"type":"if","locations":[{"start":{"line":24,"column":4},"end":{"line":24,"column":null}},{"start":{},"end":{}}],"line":24},"3":{"loc":{"start":{"line":25,"column":4},"end":{"line":25,"column":null}},"type":"if","locations":[{"start":{"line":25,"column":4},"end":{"line":25,"column":null}},{"start":{},"end":{}}],"line":25},"4":{"loc":{"start":{"line":26,"column":4},"end":{"line":26,"column":null}},"type":"if","locations":[{"start":{"line":26,"column":4},"end":{"line":26,"column":null}},{"start":{},"end":{}}],"line":26},"5":{"loc":{"start":{"line":27,"column":4},"end":{"line":27,"column":null}},"type":"if","locations":[{"start":{"line":27,"column":4},"end":{"line":27,"column":null}},{"start":{},"end":{}}],"line":27},"6":{"loc":{"start":{"line":37,"column":4},"end":{"line":37,"column":null}},"type":"if","locations":[{"start":{"line":37,"column":4},"end":{"line":37,"column":null}},{"start":{},"end":{}}],"line":37},"7":{"loc":{"start":{"line":43,"column":4},"end":{"line":43,"column":null}},"type":"if","locations":[{"start":{"line":43,"column":4},"end":{"line":43,"column":null}},{"start":{},"end":{}}],"line":43},"8":{"loc":{"start":{"line":44,"column":4},"end":{"line":47,"column":null}},"type":"if","locations":[{"start":{"line":44,"column":4},"end":{"line":47,"column":null}},{"start":{},"end":{}}],"line":44}},"s":{"0":16,"1":9,"2":9,"3":9,"4":9,"5":4,"6":4,"7":1,"8":3,"9":1,"10":1,"11":0,"12":1,"13":1,"14":1,"15":1,"16":1,"17":0,"18":1,"19":0,"20":1,"21":1,"22":2,"23":2,"24":2,"25":1,"26":1,"27":3,"28":3,"29":0,"30":3,"31":2,"32":2},"f":{"0":9,"1":4,"2":1,"3":2,"4":2,"5":2,"6":3},"b":{"0":[1,3],"1":[0,1],"2":[1,0],"3":[1,0],"4":[0,1],"5":[0,1],"6":[1,1],"7":[0,3],"8":[2,1]},"meta":{"lastBranch":9,"lastFunction":7,"lastStatement":33,"seen":{"s:6:18:6:Infinity":0,"f:8:2:8:19":0,"s:9:10:9:Infinity":1,"s:10:23:10:Infinity":2,"s:11:4:11:Infinity":3,"s:12:4:12:Infinity":4,"f:15:2:15:16":1,"s:16:23:16:Infinity":5,"b:17:4:17:Infinity:undefined:undefined:undefined:undefined":0,"s:17:4:17:Infinity":6,"s:17:21:17:Infinity":7,"s:18:4:18:Infinity":8,"f:21:2:21:19":2,"s:22:23:22:Infinity":9,"b:23:4:23:Infinity:undefined:undefined:undefined:undefined":1,"s:23:4:23:Infinity":10,"s:23:21:23:Infinity":11,"b:24:4:24:Infinity:undefined:undefined:undefined:undefined":2,"s:24:4:24:Infinity":12,"s:24:33:24:Infinity":13,"b:25:4:25:Infinity:undefined:undefined:undefined:undefined":3,"s:25:4:25:Infinity":14,"s:25:33:25:Infinity":15,"b:26:4:26:Infinity:undefined:undefined:undefined:undefined":4,"s:26:4:26:Infinity":16,"s:26:40:26:Infinity":17,"b:27:4:27:Infinity:undefined:undefined:undefined:undefined":5,"s:27:4:27:Infinity":18,"s:27:37:27:Infinity":19,"s:28:4:28:Infinity":20,"s:29:4:29:Infinity":21,"f:32:2:32:36":3,"s:33:4:33:Infinity":22,"f:33:47:33:52":4,"s:33:52:33:62":23,"f:36:2:36:19":5,"b:37:4:37:Infinity:undefined:undefined:undefined:undefined":6,"s:37:4:37:Infinity":24,"s:37:29:37:Infinity":25,"s:38:4:38:Infinity":26,"f:41:2:41:13":6,"s:42:23:42:Infinity":27,"b:43:4:43:Infinity:undefined:undefined:undefined:undefined":7,"s:43:4:43:Infinity":28,"s:43:21:43:Infinity":29,"b:44:4:47:Infinity:undefined:undefined:undefined:undefined":8,"s:44:4:47:Infinity":30,"s:45:6:45:Infinity":31,"s:46:6:46:Infinity":32},"fnNames":{}}}
}
